2026-04-15 13:12:10.495 [info] [main] Log level: Info
2026-04-15 13:12:10.495 [info] [main] Validating found git in: "git"
2026-04-15 13:12:10.495 [info] [main] Using git "2.43.0" from "git"
2026-04-15 13:12:10.495 [info] [Model][doInitialScan] Initial repository scan started
2026-04-15 13:12:10.495 [info] > git rev-parse --show-toplevel [7ms]
2026-04-15 13:12:10.495 [info] > git rev-parse --git-dir --git-common-dir --show-superproject-working-tree [42ms]
2026-04-15 13:12:10.495 [info] [Model][openRepository] Opened repository (path): /home/alobo/dev/flutter/health
2026-04-15 13:12:10.495 [info] [Model][openRepository] Opened repository (real path): /home/alobo/dev/flutter/health
2026-04-15 13:12:10.495 [info] [Model][openRepository] Opened repository (kind): repository
2026-04-15 13:12:10.508 [info] > git config --get commit.template [7ms]
2026-04-15 13:12:10.509 [info] > git rev-parse --show-toplevel [3ms]
2026-04-15 13:12:10.516 [info] > git for-each-ref --format=%(refname)%00%(upstream:short)%00%(objectname)%00%(upstream:track)%00%(upstream:remotename)%00%(upstream:remoteref) refs/heads/main refs/remotes/main [2ms]
2026-04-15 13:12:10.535 [info] > git status -z -uall [7ms]
2026-04-15 13:12:10.535 [info] > git rev-parse --show-toplevel [14ms]
2026-04-15 13:12:10.542 [info] > git for-each-ref --sort -committerdate --format %(refname)%00%(objectname)%00%(*objectname) [8ms]
2026-04-15 13:12:10.567 [info] > git for-each-ref --format=%(refname)%00%(upstream:short)%00%(objectname)%00%(upstream:track)%00%(upstream:remotename)%00%(upstream:remoteref) refs/heads/main refs/remotes/main [7ms]
2026-04-15 13:12:10.572 [info] > git rev-parse --show-toplevel [30ms]
2026-04-15 13:12:10.583 [info] > git config --get --local branch.main.vscode-merge-base [11ms]
2026-04-15 13:12:10.583 [warning] [Git][config] git config failed: Failed to execute git
2026-04-15 13:12:10.588 [info] > git config --get commit.template [21ms]
2026-04-15 13:12:10.590 [info] > git rev-parse --show-toplevel [8ms]
2026-04-15 13:12:10.622 [info] > git reflog main --grep-reflog=branch: Created from *. [34ms]
2026-04-15 13:12:10.643 [info] > git symbolic-ref --short refs/remotes/origin/HEAD [17ms]
2026-04-15 13:12:10.643 [info] fatal: ref refs/remotes/origin/HEAD is not a symbolic ref
2026-04-15 13:12:10.643 [warning] [Repository][getDefaultBranch] Failed to get default branch details: Failed to execute git.
2026-04-15 13:12:10.651 [info] > git rev-parse --show-toplevel [30ms]
2026-04-15 13:12:10.651 [info] > git for-each-ref --format=%(refname)%00%(upstream:short)%00%(objectname)%00%(upstream:track)%00%(upstream:remotename)%00%(upstream:remoteref) refs/heads/main refs/remotes/main [34ms]
2026-04-15 13:12:10.658 [info] > git merge-base refs/heads/main refs/remotes/origin/main [8ms]
2026-04-15 13:12:10.667 [info] > git rev-parse --show-toplevel [10ms]
2026-04-15 13:12:10.688 [info] > git status -z -uall [8ms]
2026-04-15 13:12:10.688 [info] > git diff --name-status -z --diff-filter=ADMR --find-renames=50% eae4be4d32105199824fec9f23c1b7cc21628038...refs/remotes/origin/main -- [22ms]
2026-04-15 13:12:10.690 [info] > git for-each-ref --sort -committerdate --format %(refname)%00%(objectname)%00%(*objectname) [3ms]
2026-04-15 13:12:10.693 [info] > git rev-parse --show-toplevel [19ms]
2026-04-15 13:12:10.700 [info] > git rev-parse --show-toplevel [2ms]
2026-04-15 13:12:10.705 [info] > git rev-parse --show-toplevel [1ms]
2026-04-15 13:12:10.712 [info] > git rev-parse --show-toplevel [2ms]
2026-04-15 13:12:10.720 [info] > git rev-parse --show-toplevel [2ms]
2026-04-15 13:12:10.722 [info] [Model][doInitialScan] Initial repository scan completed - repositories (1), closed repositories (0), parent repositories (0), unsafe repositories (0)
2026-04-15 13:12:11.044 [info] > git check-ignore -v -z --stdin [1ms]
2026-04-15 13:12:11.092 [info] > git fetch [603ms]
2026-04-15 13:12:11.092 [info] Missing or invalid credentials.
Skip silent fetch commands
Missing or invalid credentials.
Skip silent fetch commands
remote: Repository not found.
fatal: Authentication failed for 'https://github.com/ManedLobo/health.git/'
2026-04-15 13:12:11.101 [info] > git config --get commit.template [2ms]
2026-04-15 13:12:11.109 [info] > git for-each-ref --format=%(refname)%00%(upstream:short)%00%(objectname)%00%(upstream:track)%00%(upstream:remotename)%00%(upstream:remoteref) refs/heads/main refs/remotes/main [1ms]
2026-04-15 13:12:11.122 [info] > git status -z -uall [7ms]
2026-04-15 13:12:11.123 [info] > git for-each-ref --sort -committerdate --format %(refname)%00%(objectname)%00%(*objectname) [2ms]
2026-04-15 13:12:11.756 [info] > git show --textconv :lib/main.dart [18ms]
2026-04-15 13:12:11.757 [info] > git ls-files --stage -- lib/main.dart [4ms]
2026-04-15 13:12:11.777 [info] > git cat-file -s 8083ac1cf0ad3fd757cf85bc8392247d99b296bb [11ms]
2026-04-15 13:12:11.889 [info] > git blame --root --incremental eae4be4d32105199824fec9f23c1b7cc21628038 -- lib/main.dart [6ms]
2026-04-15 13:12:16.260 [info] > git check-ignore -v -z --stdin [3ms]
2026-04-15 13:12:18.552 [info] > git ls-files --stage -- lib/main.dart [1ms]
2026-04-15 13:12:18.558 [info] > git cat-file -s 8083ac1cf0ad3fd757cf85bc8392247d99b296bb [1ms]
2026-04-15 13:12:18.571 [info] > git show --textconv :lib/main.dart [1ms]
2026-04-15 13:36:32.887 [info] > git config --get commit.template [6ms]
2026-04-15 13:36:32.887 [info] > git for-each-ref --format=%(refname)%00%(upstream:short)%00%(objectname)%00%(upstream:track)%00%(upstream:remotename)%00%(upstream:remoteref) refs/heads/main refs/remotes/main [1ms]
2026-04-15 13:36:32.898 [info] > git status -z -uall [6ms]
2026-04-15 13:36:32.899 [info] > git for-each-ref --sort -committerdate --format %(refname)%00%(objectname)%00%(*objectname) [1ms]
2026-04-15 13:36:46.512 [info] > git check-ignore -v -z --stdin [1ms]
2026-04-15 13:36:47.018 [info] > git config --get commit.template [5ms]
2026-04-15 13:36:47.019 [info] > git for-each-ref --format=%(refname)%00%(upstream:short)%00%(objectname)%00%(upstream:track)%00%(upstream:remotename)%00%(upstream:remoteref) refs/heads/main refs/remotes/main [2ms]
2026-04-15 13:36:47.029 [info] > git status -z -uall [5ms]
2026-04-15 13:36:47.029 [info] > git for-each-ref --sort -committerdate --format %(refname)%00%(objectname)%00%(*objectname) [1ms]
2026-04-15 13:37:11.788 [info] > git check-ignore -v -z --stdin [2ms]
2026-04-15 13:37:12.220 [info] > git config --get commit.template [6ms]
2026-04-15 13:37:12.221 [info] > git for-each-ref --format=%(refname)%00%(upstream:short)%00%(objectname)%00%(upstream:track)%00%(upstream:remotename)%00%(upstream:remoteref) refs/heads/main refs/remotes/main [2ms]
2026-04-15 13:37:12.237 [info] > git status -z -uall [9ms]
2026-04-15 13:37:12.238 [info] > git for-each-ref --sort -committerdate --format %(refname)%00%(objectname)%00%(*objectname) [2ms]
2026-04-15 13:37:34.297 [info] > git check-ignore -v -z --stdin [1ms]
2026-04-15 13:37:35.293 [info] > git config --get commit.template [6ms]
2026-04-15 13:37:35.294 [info] > git for-each-ref --format=%(refname)%00%(upstream:short)%00%(objectname)%00%(upstream:track)%00%(upstream:remotename)%00%(upstream:remoteref) refs/heads/main refs/remotes/main [1ms]
2026-04-15 13:37:35.304 [info] > git status -z -uall [5ms]
2026-04-15 13:37:35.305 [info] > git for-each-ref --sort -committerdate --format %(refname)%00%(objectname)%00%(*objectname) [1ms]
2026-04-15 15:26:50.527 [info] > git config --get commit.template [5ms]
2026-04-15 15:26:50.527 [info] > git for-each-ref --format=%(refname)%00%(upstream:short)%00%(objectname)%00%(upstream:track)%00%(upstream:remotename)%00%(upstream:remoteref) refs/heads/main refs/remotes/main [1ms]
2026-04-15 15:26:50.537 [info] > git status -z -uall [5ms]
2026-04-15 15:26:50.538 [info] > git for-each-ref --sort -committerdate --format %(refname)%00%(objectname)%00%(*objectname) [2ms]
2026-04-15 15:27:05.090 [info] > git config --get commit.template [5ms]
2026-04-15 15:27:05.091 [info] > git for-each-ref --format=%(refname)%00%(upstream:short)%00%(objectname)%00%(upstream:track)%00%(upstream:remotename)%00%(upstream:remoteref) refs/heads/main refs/remotes/main [2ms]
2026-04-15 15:27:05.100 [info] > git status -z -uall [4ms]
2026-04-15 15:27:05.101 [info] > git for-each-ref --sort -committerdate --format %(refname)%00%(objectname)%00%(*objectname) [1ms]
2026-04-15 15:27:32.790 [info] > git check-ignore -v -z --stdin [1ms]
2026-04-15 15:27:33.393 [info] > git config --get commit.template [5ms]
2026-04-15 15:27:33.393 [info] > git for-each-ref --format=%(refname)%00%(upstream:short)%00%(objectname)%00%(upstream:track)%00%(upstream:remotename)%00%(upstream:remoteref) refs/heads/main refs/remotes/main [1ms]
2026-04-15 15:27:33.403 [info] > git status -z -uall [4ms]
2026-04-15 15:27:33.404 [info] > git for-each-ref --sort -committerdate --format %(refname)%00%(objectname)%00%(*objectname) [2ms]
2026-04-15 15:27:59.127 [info] > git config --get commit.template [6ms]
2026-04-15 15:27:59.128 [info] > git for-each-ref --format=%(refname)%00%(upstream:short)%00%(objectname)%00%(upstream:track)%00%(upstream:remotename)%00%(upstream:remoteref) refs/heads/main refs/remotes/main [2ms]
2026-04-15 15:27:59.137 [info] > git status -z -uall [5ms]
2026-04-15 15:27:59.138 [info] > git for-each-ref --sort -committerdate --format %(refname)%00%(objectname)%00%(*objectname) [1ms]
2026-04-15 15:42:09.637 [info] > git check-ignore -v -z --stdin [5ms]
2026-04-15 15:42:09.784 [info] > git check-ignore -v -z --stdin [1ms]
2026-04-15 15:42:09.872 [info] > git show --textconv :lib/main.dart [6ms]
2026-04-15 15:42:09.873 [info] > git ls-files --stage -- lib/main.dart [1ms]
2026-04-15 15:42:09.879 [info] > git cat-file -s 8083ac1cf0ad3fd757cf85bc8392247d99b296bb [1ms]
2026-04-15 15:56:26.622 [info] > git log --format=%H%n%aN%n%aE%n%at%n%ct%n%P%n%D%n%B -z --shortstat --diff-merges=first-parent -n50 --skip=0 --topo-order --decorate=full --stdin [51ms]
2026-04-15 15:56:26.775 [info] > git merge-base main origin/main [1ms]
2026-04-15 15:56:36.693 [info] > git add -A -- . [5ms]
2026-04-15 15:56:36.708 [info] > git -c user.useConfigOnly=true commit --quiet --allow-empty-message --file - [9ms]
2026-04-15 15:56:36.714 [info] > git config --get commit.template [1ms]
2026-04-15 15:56:36.726 [info] > git config --get commit.template [6ms]
2026-04-15 15:56:36.726 [info] > git for-each-ref --format=%(refname)%00%(upstream:short)%00%(objectname)%00%(upstream:track)%00%(upstream:remotename)%00%(upstream:remoteref) refs/heads/main refs/remotes/main [1ms]
2026-04-15 15:56:36.737 [info] > git status -z -uall [6ms]
2026-04-15 15:56:36.738 [info] > git for-each-ref --sort -committerdate --format %(refname)%00%(objectname)%00%(*objectname) [1ms]
2026-04-15 15:56:36.765 [info] > git show -s --decorate=full --shortstat --format=%H%n%aN%n%aE%n%at%n%ct%n%P%n%D%n%B -z c6d9fd4cbd5990e659018cbfd2bb9de3f0dc48bd -- [9ms]
2026-04-15 15:56:36.765 [info] > git merge-base refs/heads/main refs/remotes/origin/main [14ms]
2026-04-15 15:56:36.771 [info] > git blame --root --incremental c6d9fd4cbd5990e659018cbfd2bb9de3f0dc48bd -- lib/main.dart [26ms]
2026-04-15 15:56:36.773 [info] > git diff --name-status -z --diff-filter=ADMR --find-renames=50% eae4be4d32105199824fec9f23c1b7cc21628038...refs/remotes/origin/main -- [2ms]
2026-04-15 15:56:36.799 [info] > git log --format=%H%n%aN%n%aE%n%at%n%ct%n%P%n%D%n%B -z --shortstat --diff-merges=first-parent -n50 --skip=0 --topo-order --decorate=full --stdin [13ms]
2026-04-15 15:56:36.827 [info] > git merge-base main origin/main [1ms]
2026-04-15 15:56:37.910 [info] > git ls-files --stage -- lib/main.dart [1ms]
2026-04-15 15:56:37.916 [info] > git cat-file -s dc3af4870213b4aa1efc176e74f25c257d57e2e9 [1ms]
2026-04-15 15:56:37.923 [info] > git show --textconv :lib/main.dart [1ms]
2026-04-15 16:00:57.677 [info] > git push origin main:main [260913ms]
2026-04-15 16:00:57.677 [info] remote: Invalid username or token. Password authentication is not supported for Git operations.
fatal: Authentication failed for 'https://github.com/ManedLobo/health.git/'
2026-04-15 16:00:57.689 [info] > git config --get commit.template [5ms]
2026-04-15 16:00:57.689 [info] > git for-each-ref --format=%(refname)%00%(upstream:short)%00%(objectname)%00%(upstream:track)%00%(upstream:remotename)%00%(upstream:remoteref) refs/heads/main refs/remotes/main [1ms]
2026-04-15 16:00:57.700 [info] > git status -z -uall [6ms]
2026-04-15 16:00:57.701 [info] > git for-each-ref --sort -committerdate --format %(refname)%00%(objectname)%00%(*objectname) [2ms]
2026-04-15 16:00:57.732 [info] > git config --get commit.template [6ms]
2026-04-15 16:00:57.733 [info] > git for-each-ref --format=%(refname)%00%(upstream:short)%00%(objectname)%00%(upstream:track)%00%(upstream:remotename)%00%(upstream:remoteref) refs/heads/main refs/remotes/main [2ms]
2026-04-15 16:00:57.744 [info] > git status -z -uall [6ms]
2026-04-15 16:00:57.745 [info] > git for-each-ref --sort -committerdate --format %(refname)%00%(objectname)%00%(*objectname) [2ms]
2026-04-15 16:01:07.664 [info] > git log --format=%H%n%aN%n%aE%n%at%n%ct%n%P%n%D%n%B -z --shortstat --diff-merges=first-parent -n50 --skip=0 --topo-order --decorate=full --stdin [13ms]
2026-04-15 16:01:07.675 [info] > git merge-base main origin/main [1ms]
2026-04-15 16:01:14.838 [info] > git log --oneline --cherry main...main@{upstream} -- [1ms]
2026-04-15 16:01:16.032 [info] > git ls-files --stage -- lib/main.dart [1ms]
2026-04-15 16:01:16.038 [info] > git cat-file -s dc3af4870213b4aa1efc176e74f25c257d57e2e9 [1ms]
2026-04-15 16:01:16.045 [info] > git show --textconv :lib/main.dart [2ms]
2026-04-15 16:01:49.201 [info] > git pull --tags origin main [34357ms]
2026-04-15 16:01:49.201 [info] From https://github.com/ManedLobo/health
 * branch            main       -> FETCH_HEAD
2026-04-15 16:01:50.327 [info] > git push origin main:main [1120ms]
2026-04-15 16:01:50.327 [info] To https://github.com/ManedLobo/health.git
   eae4be4..c6d9fd4  main -> main
2026-04-15 16:01:50.338 [info] > git config --get commit.template [6ms]
2026-04-15 16:01:50.339 [info] > git for-each-ref --format=%(refname)%00%(upstream:short)%00%(objectname)%00%(upstream:track)%00%(upstream:remotename)%00%(upstream:remoteref) refs/heads/main refs/remotes/main [2ms]
2026-04-15 16:01:50.349 [info] > git status -z -uall [5ms]
2026-04-15 16:01:50.350 [info] > git for-each-ref --sort -committerdate --format %(refname)%00%(objectname)%00%(*objectname) [1ms]
2026-04-15 16:01:50.360 [info] > git merge-base refs/heads/main refs/remotes/origin/main [2ms]
2026-04-15 16:01:50.366 [info] > git diff --name-status -z --diff-filter=ADMR --find-renames=50% c6d9fd4cbd5990e659018cbfd2bb9de3f0dc48bd...refs/remotes/origin/main -- [1ms]
2026-04-15 16:01:50.387 [info] > git log --format=%H%n%aN%n%aE%n%at%n%ct%n%P%n%D%n%B -z --shortstat --diff-merges=first-parent -n50 --skip=0 --topo-order --decorate=full --stdin [12ms]
2026-04-15 16:01:50.401 [info] > git ls-files --stage -- lib/main.dart [2ms]
2026-04-15 16:01:50.408 [info] > git cat-file -s dc3af4870213b4aa1efc176e74f25c257d57e2e9 [1ms]
2026-04-15 16:01:50.418 [info] > git show --textconv :lib/main.dart [2ms]
2026-04-15 16:01:50.837 [info] > git merge-base main origin/main [1ms]
2026-04-15 16:01:51.410 [info] > git config --get commit.template [4ms]
2026-04-15 16:01:51.411 [info] > git for-each-ref --format=%(refname)%00%(upstream:short)%00%(objectname)%00%(upstream:track)%00%(upstream:remotename)%00%(upstream:remoteref) refs/heads/main refs/remotes/main [1ms]
2026-04-15 16:01:51.421 [info] > git status -z -uall [5ms]
2026-04-15 16:01:51.422 [info] > git for-each-ref --sort -committerdate --format %(refname)%00%(objectname)%00%(*objectname) [2ms]
2026-04-15 16:01:51.507 [info] > git ls-files --stage -- lib/main.dart [1ms]
2026-04-15 16:01:51.513 [info] > git cat-file -s dc3af4870213b4aa1efc176e74f25c257d57e2e9 [1ms]
2026-04-15 16:01:51.521 [info] > git show --textconv :lib/main.dart [2ms]
2026-04-15 16:02:39.206 [info] > git config --get commit.template [7ms]
2026-04-15 16:02:39.207 [info] > git for-each-ref --format=%(refname)%00%(upstream:short)%00%(objectname)%00%(upstream:track)%00%(upstream:remotename)%00%(upstream:remoteref) refs/heads/main refs/remotes/main [2ms]
2026-04-15 16:02:39.219 [info] > git status -z -uall [6ms]
2026-04-15 16:02:39.220 [info] > git for-each-ref --sort -committerdate --format %(refname)%00%(objectname)%00%(*objectname) [1ms]
2026-04-15 16:02:39.871 [info] > git check-ignore -v -z --stdin [2ms]
2026-04-15 16:02:44.237 [info] > git config --get commit.template [6ms]
2026-04-15 16:02:44.237 [info] > git for-each-ref --format=%(refname)%00%(upstream:short)%00%(objectname)%00%(upstream:track)%00%(upstream:remotename)%00%(upstream:remoteref) refs/heads/main refs/remotes/main [1ms]
2026-04-15 16:02:44.249 [info] > git status -z -uall [6ms]
2026-04-15 16:02:44.250 [info] > git for-each-ref --sort -committerdate --format %(refname)%00%(objectname)%00%(*objectname) [2ms]
2026-04-15 16:02:49.266 [info] > git config --get commit.template [7ms]
2026-04-15 16:02:49.266 [info] > git for-each-ref --format=%(refname)%00%(upstream:short)%00%(objectname)%00%(upstream:track)%00%(upstream:remotename)%00%(upstream:remoteref) refs/heads/main refs/remotes/main [1ms]
2026-04-15 16:02:49.280 [info] > git status -z -uall [7ms]
2026-04-15 16:02:49.281 [info] > git for-each-ref --sort -committerdate --format %(refname)%00%(objectname)%00%(*objectname) [2ms]
2026-04-15 16:02:58.717 [info] > git config --get commit.template [7ms]
2026-04-15 16:02:58.718 [info] > git for-each-ref --format=%(refname)%00%(upstream:short)%00%(objectname)%00%(upstream:track)%00%(upstream:remotename)%00%(upstream:remoteref) refs/heads/main refs/remotes/main [1ms]
2026-04-15 16:02:58.732 [info] > git status -z -uall [7ms]
2026-04-15 16:02:58.733 [info] > git for-each-ref --sort -committerdate --format %(refname)%00%(objectname)%00%(*objectname) [2ms]
2026-04-15 16:03:09.490 [info] > git config --get commit.template [6ms]
2026-04-15 16:03:09.491 [info] > git for-each-ref --format=%(refname)%00%(upstream:short)%00%(objectname)%00%(upstream:track)%00%(upstream:remotename)%00%(upstream:remoteref) refs/heads/main refs/remotes/main [2ms]
2026-04-15 16:03:09.501 [info] > git status -z -uall [5ms]
2026-04-15 16:03:09.502 [info] > git for-each-ref --sort -committerdate --format %(refname)%00%(objectname)%00%(*objectname) [1ms]
2026-04-15 16:10:22.999 [info] > git check-ignore -v -z --stdin [1ms]
2026-04-15 16:10:23.803 [info] > git check-ignore -v -z --stdin [2ms]
2026-04-15 16:11:11.095 [info] > git config --get commit.template [5ms]
2026-04-15 16:11:11.096 [info] > git for-each-ref --format=%(refname)%00%(upstream:short)%00%(objectname)%00%(upstream:track)%00%(upstream:remotename)%00%(upstream:remoteref) refs/heads/main refs/remotes/main [1ms]
2026-04-15 16:11:11.106 [info] > git status -z -uall [5ms]
2026-04-15 16:11:11.107 [info] > git for-each-ref --sort -committerdate --format %(refname)%00%(objectname)%00%(*objectname) [1ms]
2026-04-15 16:11:35.429 [info] > git config --get commit.template [5ms]
2026-04-15 16:11:35.430 [info] > git for-each-ref --format=%(refname)%00%(upstream:short)%00%(objectname)%00%(upstream:track)%00%(upstream:remotename)%00%(upstream:remoteref) refs/heads/main refs/remotes/main [1ms]
2026-04-15 16:11:35.440 [info] > git status -z -uall [5ms]
2026-04-15 16:11:35.441 [info] > git for-each-ref --sort -committerdate --format %(refname)%00%(objectname)%00%(*objectname) [1ms]
2026-04-15 16:11:46.614 [info] > git config --get commit.template [5ms]
2026-04-15 16:11:46.615 [info] > git for-each-ref --format=%(refname)%00%(upstream:short)%00%(objectname)%00%(upstream:track)%00%(upstream:remotename)%00%(upstream:remoteref) refs/heads/main refs/remotes/main [1ms]
2026-04-15 16:11:46.626 [info] > git status -z -uall [6ms]
2026-04-15 16:11:46.626 [info] > git for-each-ref --sort -committerdate --format %(refname)%00%(objectname)%00%(*objectname) [1ms]
2026-04-15 16:11:55.210 [info] > git config --get commit.template [2ms]
2026-04-15 16:11:55.217 [info] > git for-each-ref --format=%(refname)%00%(upstream:short)%00%(objectname)%00%(upstream:track)%00%(upstream:remotename)%00%(upstream:remoteref) refs/heads/main refs/remotes/main [1ms]
2026-04-15 16:11:55.232 [info] > git status -z -uall [8ms]
2026-04-15 16:11:55.233 [info] > git for-each-ref --sort -committerdate --format %(refname)%00%(objectname)%00%(*objectname) [1ms]
2026-04-15 16:12:03.178 [info] > git config --get commit.template [5ms]
2026-04-15 16:12:03.179 [info] > git for-each-ref --format=%(refname)%00%(upstream:short)%00%(objectname)%00%(upstream:track)%00%(upstream:remotename)%00%(upstream:remoteref) refs/heads/main refs/remotes/main [2ms]
2026-04-15 16:12:03.188 [info] > git status -z -uall [5ms]
2026-04-15 16:12:03.189 [info] > git for-each-ref --sort -committerdate --format %(refname)%00%(objectname)%00%(*objectname) [1ms]
2026-04-15 16:12:08.201 [info] > git config --get commit.template [5ms]
2026-04-15 16:12:08.202 [info] > git for-each-ref --format=%(refname)%00%(upstream:short)%00%(objectname)%00%(upstream:track)%00%(upstream:remotename)%00%(upstream:remoteref) refs/heads/main refs/remotes/main [1ms]
2026-04-15 16:12:08.212 [info] > git status -z -uall [5ms]
2026-04-15 16:12:08.213 [info] > git for-each-ref --sort -committerdate --format %(refname)%00%(objectname)%00%(*objectname) [1ms]
2026-04-15 16:12:13.227 [info] > git config --get commit.template [5ms]
2026-04-15 16:12:13.228 [info] > git for-each-ref --format=%(refname)%00%(upstream:short)%00%(objectname)%00%(upstream:track)%00%(upstream:remotename)%00%(upstream:remoteref) refs/heads/main refs/remotes/main [2ms]
2026-04-15 16:12:13.237 [info] > git status -z -uall [5ms]
2026-04-15 16:12:13.238 [info] > git for-each-ref --sort -committerdate --format %(refname)%00%(objectname)%00%(*objectname) [2ms]
2026-04-15 16:14:48.081 [info] > git config --get commit.template [6ms]
2026-04-15 16:14:48.081 [info] > git for-each-ref --format=%(refname)%00%(upstream:short)%00%(objectname)%00%(upstream:track)%00%(upstream:remotename)%00%(upstream:remoteref) refs/heads/main refs/remotes/main [1ms]
2026-04-15 16:14:48.091 [info] > git status -z -uall [5ms]
2026-04-15 16:14:48.092 [info] > git for-each-ref --sort -committerdate --format %(refname)%00%(objectname)%00%(*objectname) [2ms]
2026-04-15 16:29:09.171 [info] > git config --get commit.template [1ms]
2026-04-15 16:29:09.179 [info] > git for-each-ref --format=%(refname)%00%(upstream:short)%00%(objectname)%00%(upstream:track)%00%(upstream:remotename)%00%(upstream:remoteref) refs/heads/main refs/remotes/main [2ms]
2026-04-15 16:29:09.191 [info] > git status -z -uall [6ms]
2026-04-15 16:29:09.192 [info] > git for-each-ref --sort -committerdate --format %(refname)%00%(objectname)%00%(*objectname) [1ms]
2026-04-15 16:55:39.491 [info] > git config --get commit.template [5ms]
2026-04-15 16:55:39.496 [info] > git for-each-ref --format=%(refname)%00%(upstream:short)%00%(objectname)%00%(upstream:track)%00%(upstream:remotename)%00%(upstream:remoteref) refs/heads/main refs/remotes/main [6ms]
2026-04-15 16:55:39.506 [info] > git check-ignore -v -z --stdin [10ms]
2026-04-15 16:55:39.507 [info] > git status -z -uall [6ms]
2026-04-15 16:55:39.507 [info] > git for-each-ref --sort -committerdate --format %(refname)%00%(objectname)%00%(*objectname) [2ms]
2026-04-15 16:55:57.721 [info] > git config --get commit.template [6ms]
2026-04-15 16:55:57.722 [info] > git for-each-ref --format=%(refname)%00%(upstream:short)%00%(objectname)%00%(upstream:track)%00%(upstream:remotename)%00%(upstream:remoteref) refs/heads/main refs/remotes/main [2ms]
2026-04-15 16:55:57.731 [info] > git status -z -uall [5ms]
2026-04-15 16:55:57.732 [info] > git for-each-ref --sort -committerdate --format %(refname)%00%(objectname)%00%(*objectname) [2ms]
2026-04-15 16:56:02.743 [info] > git config --get commit.template [4ms]
2026-04-15 16:56:02.744 [info] > git for-each-ref --format=%(refname)%00%(upstream:short)%00%(objectname)%00%(upstream:track)%00%(upstream:remotename)%00%(upstream:remoteref) refs/heads/main refs/remotes/main [1ms]
2026-04-15 16:56:02.754 [info] > git status -z -uall [5ms]
2026-04-15 16:56:02.755 [info] > git for-each-ref --sort -committerdate --format %(refname)%00%(objectname)%00%(*objectname) [1ms]
2026-04-15 16:56:11.138 [info] > git config --get commit.template [4ms]
2026-04-15 16:56:11.139 [info] > git for-each-ref --format=%(refname)%00%(upstream:short)%00%(objectname)%00%(upstream:track)%00%(upstream:remotename)%00%(upstream:remoteref) refs/heads/main refs/remotes/main [1ms]
2026-04-15 16:56:11.148 [info] > git status -z -uall [4ms]
2026-04-15 16:56:11.149 [info] > git for-each-ref --sort -committerdate --format %(refname)%00%(objectname)%00%(*objectname) [1ms]
2026-04-15 16:56:43.732 [info] > git config --get commit.template [5ms]
2026-04-15 16:56:43.733 [info] > git for-each-ref --format=%(refname)%00%(upstream:short)%00%(objectname)%00%(upstream:track)%00%(upstream:remotename)%00%(upstream:remoteref) refs/heads/main refs/remotes/main [1ms]
2026-04-15 16:56:43.742 [info] > git status -z -uall [5ms]
2026-04-15 16:56:43.743 [info] > git for-each-ref --sort -committerdate --format %(refname)%00%(objectname)%00%(*objectname) [1ms]
2026-04-15 16:57:09.299 [info] > git config --get commit.template [5ms]
2026-04-15 16:57:09.300 [info] > git for-each-ref --format=%(refname)%00%(upstream:short)%00%(objectname)%00%(upstream:track)%00%(upstream:remotename)%00%(upstream:remoteref) refs/heads/main refs/remotes/main [2ms]
2026-04-15 16:57:09.309 [info] > git status -z -uall [5ms]
2026-04-15 16:57:09.310 [info] > git for-each-ref --sort -committerdate --format %(refname)%00%(objectname)%00%(*objectname) [2ms]
2026-04-15 16:57:14.321 [info] > git config --get commit.template [5ms]
2026-04-15 16:57:14.322 [info] > git for-each-ref --format=%(refname)%00%(upstream:short)%00%(objectname)%00%(upstream:track)%00%(upstream:remotename)%00%(upstream:remoteref) refs/heads/main refs/remotes/main [1ms]
2026-04-15 16:57:14.333 [info] > git status -z -uall [6ms]
2026-04-15 16:57:14.334 [info] > git for-each-ref --sort -committerdate --format %(refname)%00%(objectname)%00%(*objectname) [2ms]
2026-04-15 16:57:20.372 [info] > git config --get commit.template [6ms]
2026-04-15 16:57:20.373 [info] > git for-each-ref --format=%(refname)%00%(upstream:short)%00%(objectname)%00%(upstream:track)%00%(upstream:remotename)%00%(upstream:remoteref) refs/heads/main refs/remotes/main [2ms]
2026-04-15 16:57:20.382 [info] > git status -z -uall [5ms]
2026-04-15 16:57:20.383 [info] > git for-each-ref --sort -committerdate --format %(refname)%00%(objectname)%00%(*objectname) [1ms]
2026-04-15 16:57:26.964 [info] > git config --get commit.template [6ms]
2026-04-15 16:57:26.965 [info] > git for-each-ref --format=%(refname)%00%(upstream:short)%00%(objectname)%00%(upstream:track)%00%(upstream:remotename)%00%(upstream:remoteref) refs/heads/main refs/remotes/main [1ms]
2026-04-15 16:57:26.975 [info] > git status -z -uall [5ms]
2026-04-15 16:57:26.976 [info] > git for-each-ref --sort -committerdate --format %(refname)%00%(objectname)%00%(*objectname) [1ms]
2026-04-15 16:57:31.988 [info] > git config --get commit.template [5ms]
2026-04-15 16:57:31.989 [info] > git for-each-ref --format=%(refname)%00%(upstream:short)%00%(objectname)%00%(upstream:track)%00%(upstream:remotename)%00%(upstream:remoteref) refs/heads/main refs/remotes/main [1ms]
2026-04-15 16:57:31.999 [info] > git status -z -uall [5ms]
2026-04-15 16:57:32.000 [info] > git for-each-ref --sort -committerdate --format %(refname)%00%(objectname)%00%(*objectname) [1ms]
2026-04-15 16:57:37.445 [info] > git config --get commit.template [5ms]
2026-04-15 16:57:37.446 [info] > git for-each-ref --format=%(refname)%00%(upstream:short)%00%(objectname)%00%(upstream:track)%00%(upstream:remotename)%00%(upstream:remoteref) refs/heads/main refs/remotes/main [1ms]
2026-04-15 16:57:37.456 [info] > git status -z -uall [5ms]
2026-04-15 16:57:37.457 [info] > git for-each-ref --sort -committerdate --format %(refname)%00%(objectname)%00%(*objectname) [1ms]
2026-04-15 16:57:43.771 [info] > git config --get commit.template [5ms]
2026-04-15 16:57:43.772 [info] > git for-each-ref --format=%(refname)%00%(upstream:short)%00%(objectname)%00%(upstream:track)%00%(upstream:remotename)%00%(upstream:remoteref) refs/heads/main refs/remotes/main [1ms]
2026-04-15 16:57:43.782 [info] > git status -z -uall [5ms]
2026-04-15 16:57:43.783 [info] > git for-each-ref --sort -committerdate --format %(refname)%00%(objectname)%00%(*objectname) [2ms]
2026-04-15 16:57:48.795 [info] > git config --get commit.template [5ms]
2026-04-15 16:57:48.796 [info] > git for-each-ref --format=%(refname)%00%(upstream:short)%00%(objectname)%00%(upstream:track)%00%(upstream:remotename)%00%(upstream:remoteref) refs/heads/main refs/remotes/main [2ms]
2026-04-15 16:57:48.806 [info] > git status -z -uall [6ms]
2026-04-15 16:57:48.807 [info] > git for-each-ref --sort -committerdate --format %(refname)%00%(objectname)%00%(*objectname) [2ms]
2026-04-15 16:57:50.498 [info] > git check-ignore -v -z --stdin [1ms]
2026-04-15 16:57:53.820 [info] > git config --get commit.template [5ms]
2026-04-15 16:57:53.821 [info] > git for-each-ref --format=%(refname)%00%(upstream:short)%00%(objectname)%00%(upstream:track)%00%(upstream:remotename)%00%(upstream:remoteref) refs/heads/main refs/remotes/main [2ms]
2026-04-15 16:57:53.830 [info] > git status -z -uall [4ms]
2026-04-15 16:57:53.831 [info] > git for-each-ref --sort -committerdate --format %(refname)%00%(objectname)%00%(*objectname) [1ms]
2026-04-15 17:20:44.123 [info] > git check-ignore -v -z --stdin [6ms]
2026-04-15 17:20:44.211 [info] > git check-ignore -v -z --stdin [3ms]
2026-04-15 17:20:54.704 [info] > git check-ignore -v -z --stdin [5ms]
2026-04-15 17:20:54.761 [info] > git check-ignore -v -z --stdin [1ms]
2026-04-15 17:21:03.251 [info] > git check-ignore -v -z --stdin [3ms]
2026-04-15 17:21:03.303 [info] > git check-ignore -v -z --stdin [1ms]
2026-04-15 17:21:03.456 [info] > git show --textconv :pubspec.lock [6ms]
2026-04-15 17:21:03.456 [info] > git ls-files --stage -- pubspec.lock [1ms]
2026-04-15 17:21:03.462 [info] > git cat-file -s c1c59964c0d5a6669fbe3a78fa407e046ca3a39b [1ms]
2026-04-15 17:21:21.952 [info] > git check-ignore -v -z --stdin [4ms]
2026-04-15 17:21:22.018 [info] > git check-ignore -v -z --stdin [1ms]
2026-04-15 17:21:47.951 [info] > git check-ignore -v -z --stdin [4ms]
2026-04-15 17:21:48.038 [info] > git check-ignore -v -z --stdin [1ms]
2026-04-15 17:21:48.159 [info] > git show --textconv :lib/main.dart [5ms]
2026-04-15 17:21:48.160 [info] > git ls-files --stage -- lib/main.dart [1ms]
2026-04-15 17:21:48.166 [info] > git cat-file -s dc3af4870213b4aa1efc176e74f25c257d57e2e9 [1ms]
2026-04-15 17:36:04.158 [info] > git config --get commit.template [5ms]
2026-04-15 17:36:04.159 [info] > git for-each-ref --format=%(refname)%00%(upstream:short)%00%(objectname)%00%(upstream:track)%00%(upstream:remotename)%00%(upstream:remoteref) refs/heads/main refs/remotes/main [1ms]
2026-04-15 17:36:04.169 [info] > git status -z -uall [4ms]
2026-04-15 17:36:04.169 [info] > git for-each-ref --sort -committerdate --format %(refname)%00%(objectname)%00%(*objectname) [1ms]
2026-04-15 17:37:28.055 [info] > git log --format=%H%n%aN%n%aE%n%at%n%ct%n%P%n%D%n%B -z --shortstat --diff-merges=first-parent -n50 --skip=0 --topo-order --decorate=full --stdin [12ms]
2026-04-15 17:37:28.103 [info] > git merge-base main origin/main [1ms]
2026-04-15 17:37:28.594 [info] > git check-ignore -v -z --stdin [1ms]
2026-04-15 17:40:00.521 [info] > git config --get commit.template [7ms]
2026-04-15 17:40:00.522 [info] > git for-each-ref --format=%(refname)%00%(upstream:short)%00%(objectname)%00%(upstream:track)%00%(upstream:remotename)%00%(upstream:remoteref) refs/heads/main refs/remotes/main [2ms]
2026-04-15 17:40:00.533 [info] > git status -z -uall [6ms]
2026-04-15 17:40:00.534 [info] > git for-each-ref --sort -committerdate --format %(refname)%00%(objectname)%00%(*objectname) [1ms]
2026-04-15 17:40:06.904 [info] > git config --get commit.template [1ms]
2026-04-15 17:40:06.912 [info] > git for-each-ref --format=%(refname)%00%(upstream:short)%00%(objectname)%00%(upstream:track)%00%(upstream:remotename)%00%(upstream:remoteref) refs/heads/main refs/remotes/main [1ms]
2026-04-15 17:40:06.926 [info] > git status -z -uall [6ms]
2026-04-15 17:40:06.927 [info] > git for-each-ref --sort -committerdate --format %(refname)%00%(objectname)%00%(*objectname) [2ms]
2026-04-15 17:40:15.978 [info] > git config --get commit.template [6ms]
2026-04-15 17:40:15.979 [info] > git for-each-ref --format=%(refname)%00%(upstream:short)%00%(objectname)%00%(upstream:track)%00%(upstream:remotename)%00%(upstream:remoteref) refs/heads/main refs/remotes/main [1ms]
2026-04-15 17:40:15.989 [info] > git status -z -uall [5ms]
2026-04-15 17:40:15.990 [info] > git for-each-ref --sort -committerdate --format %(refname)%00%(objectname)%00%(*objectname) [1ms]
2026-04-15 17:40:26.045 [info] > git config --get commit.template [7ms]
2026-04-15 17:40:26.046 [info] > git for-each-ref --format=%(refname)%00%(upstream:short)%00%(objectname)%00%(upstream:track)%00%(upstream:remotename)%00%(upstream:remoteref) refs/heads/main refs/remotes/main [2ms]
2026-04-15 17:40:26.058 [info] > git status -z -uall [6ms]
2026-04-15 17:40:26.059 [info] > git for-each-ref --sort -committerdate --format %(refname)%00%(objectname)%00%(*objectname) [1ms]
2026-04-15 17:40:26.724 [info] > git check-ignore -v -z --stdin [2ms]
2026-04-15 17:40:31.074 [info] > git config --get commit.template [2ms]
2026-04-15 17:40:31.091 [info] > git for-each-ref --format=%(refname)%00%(upstream:short)%00%(objectname)%00%(upstream:track)%00%(upstream:remotename)%00%(upstream:remoteref) refs/heads/main refs/remotes/main [3ms]
2026-04-15 17:40:31.123 [info] > git status -z -uall [17ms]
2026-04-15 17:40:31.124 [info] > git for-each-ref --sort -committerdate --format %(refname)%00%(objectname)%00%(*objectname) [2ms]
2026-04-15 17:40:36.143 [info] > git config --get commit.template [2ms]
2026-04-15 17:40:36.157 [info] > git for-each-ref --format=%(refname)%00%(upstream:short)%00%(objectname)%00%(upstream:track)%00%(upstream:remotename)%00%(upstream:remoteref) refs/heads/main refs/remotes/main [1ms]
2026-04-15 17:40:36.186 [info] > git for-each-ref --sort -committerdate --format %(refname)%00%(objectname)%00%(*objectname) [2ms]
2026-04-15 17:40:36.189 [info] > git status -z -uall [19ms]
2026-04-15 17:40:41.210 [info] > git config --get commit.template [10ms]
2026-04-15 17:40:41.210 [info] > git for-each-ref --format=%(refname)%00%(upstream:short)%00%(objectname)%00%(upstream:track)%00%(upstream:remotename)%00%(upstream:remoteref) refs/heads/main refs/remotes/main [1ms]
2026-04-15 17:40:41.226 [info] > git status -z -uall [8ms]
2026-04-15 17:40:41.227 [info] > git for-each-ref --sort -committerdate --format %(refname)%00%(objectname)%00%(*objectname) [2ms]
2026-04-15 17:40:48.127 [info] > git config --get commit.template [13ms]
2026-04-15 17:40:48.128 [info] > git for-each-ref --format=%(refname)%00%(upstream:short)%00%(objectname)%00%(upstream:track)%00%(upstream:remotename)%00%(upstream:remoteref) refs/heads/main refs/remotes/main [8ms]
2026-04-15 17:40:48.141 [info] > git status -z -uall [7ms]
2026-04-15 17:40:48.142 [info] > git for-each-ref --sort -committerdate --format %(refname)%00%(objectname)%00%(*objectname) [1ms]
2026-04-15 17:40:53.544 [info] > git config --get commit.template [5ms]
2026-04-15 17:40:53.545 [info] > git for-each-ref --format=%(refname)%00%(upstream:short)%00%(objectname)%00%(upstream:track)%00%(upstream:remotename)%00%(upstream:remoteref) refs/heads/main refs/remotes/main [1ms]
2026-04-15 17:40:53.556 [info] > git status -z -uall [6ms]
2026-04-15 17:40:53.557 [info] > git for-each-ref --sort -committerdate --format %(refname)%00%(objectname)%00%(*objectname) [1ms]
2026-04-15 17:40:58.571 [info] > git config --get commit.template [6ms]
2026-04-15 17:40:58.572 [info] > git for-each-ref --format=%(refname)%00%(upstream:short)%00%(objectname)%00%(upstream:track)%00%(upstream:remotename)%00%(upstream:remoteref) refs/heads/main refs/remotes/main [1ms]
2026-04-15 17:40:58.583 [info] > git status -z -uall [6ms]
2026-04-15 17:40:58.584 [info] > git for-each-ref --sort -committerdate --format %(refname)%00%(objectname)%00%(*objectname) [2ms]
2026-04-15 17:41:03.598 [info] > git config --get commit.template [6ms]
2026-04-15 17:41:03.599 [info] > git for-each-ref --format=%(refname)%00%(upstream:short)%00%(objectname)%00%(upstream:track)%00%(upstream:remotename)%00%(upstream:remoteref) refs/heads/main refs/remotes/main [2ms]
2026-04-15 17:41:03.609 [info] > git status -z -uall [5ms]
2026-04-15 17:41:03.754 [info] > git for-each-ref --sort -committerdate --format %(refname)%00%(objectname)%00%(*objectname) [145ms]
2026-04-15 17:41:08.823 [info] > git config --get commit.template [6ms]
2026-04-15 17:41:08.824 [info] > git for-each-ref --format=%(refname)%00%(upstream:short)%00%(objectname)%00%(upstream:track)%00%(upstream:remotename)%00%(upstream:remoteref) refs/heads/main refs/remotes/main [1ms]
2026-04-15 17:41:08.834 [info] > git status -z -uall [5ms]
2026-04-15 17:41:08.835 [info] > git for-each-ref --sort -committerdate --format %(refname)%00%(objectname)%00%(*objectname) [1ms]
2026-04-15 17:41:13.843 [info] > git config --get commit.template [1ms]
2026-04-15 17:41:13.849 [info] > git for-each-ref --format=%(refname)%00%(upstream:short)%00%(objectname)%00%(upstream:track)%00%(upstream:remotename)%00%(upstream:remoteref) refs/heads/main refs/remotes/main [1ms]
2026-04-15 17:41:13.861 [info] > git status -z -uall [7ms]
2026-04-15 17:41:13.862 [info] > git for-each-ref --sort -committerdate --format %(refname)%00%(objectname)%00%(*objectname) [2ms]
2026-04-15 17:42:35.661 [info] > git config --get commit.template [6ms]
2026-04-15 17:42:35.662 [info] > git for-each-ref --format=%(refname)%00%(upstream:short)%00%(objectname)%00%(upstream:track)%00%(upstream:remotename)%00%(upstream:remoteref) refs/heads/main refs/remotes/main [1ms]
2026-04-15 17:42:35.673 [info] > git status -z -uall [6ms]
2026-04-15 17:42:35.673 [info] > git for-each-ref --sort -committerdate --format %(refname)%00%(objectname)%00%(*objectname) [1ms]
2026-04-15 17:46:55.806 [info] > git check-ignore -v -z --stdin [1ms]
2026-04-15 17:46:58.267 [info] > git check-ignore -v -z --stdin [1ms]
2026-04-15 17:46:58.994 [info] > git check-ignore -v -z --stdin [1ms]
2026-04-15 18:03:20.480 [info] > git config --get commit.template [7ms]
2026-04-15 18:03:20.481 [info] > git for-each-ref --format=%(refname)%00%(upstream:short)%00%(objectname)%00%(upstream:track)%00%(upstream:remotename)%00%(upstream:remoteref) refs/heads/main refs/remotes/main [1ms]
2026-04-15 18:03:20.495 [info] > git status -z -uall [7ms]
2026-04-15 18:03:20.496 [info] > git for-each-ref --sort -committerdate --format %(refname)%00%(objectname)%00%(*objectname) [1ms]
2026-04-15 18:03:25.517 [info] > git config --get commit.template [7ms]
2026-04-15 18:03:25.518 [info] > git for-each-ref --format=%(refname)%00%(upstream:short)%00%(objectname)%00%(upstream:track)%00%(upstream:remotename)%00%(upstream:remoteref) refs/heads/main refs/remotes/main [1ms]
2026-04-15 18:03:25.532 [info] > git status -z -uall [7ms]
2026-04-15 18:03:25.533 [info] > git for-each-ref --sort -committerdate --format %(refname)%00%(objectname)%00%(*objectname) [1ms]
2026-04-15 18:03:31.330 [info] > git config --get commit.template [6ms]
2026-04-15 18:03:31.331 [info] > git for-each-ref --format=%(refname)%00%(upstream:short)%00%(objectname)%00%(upstream:track)%00%(upstream:remotename)%00%(upstream:remoteref) refs/heads/main refs/remotes/main [2ms]
2026-04-15 18:03:31.341 [info] > git status -z -uall [5ms]
2026-04-15 18:03:31.342 [info] > git for-each-ref --sort -committerdate --format %(refname)%00%(objectname)%00%(*objectname) [1ms]
2026-04-15 18:03:38.534 [info] > git config --get commit.template [6ms]
2026-04-15 18:03:38.535 [info] > git for-each-ref --format=%(refname)%00%(upstream:short)%00%(objectname)%00%(upstream:track)%00%(upstream:remotename)%00%(upstream:remoteref) refs/heads/main refs/remotes/main [1ms]
2026-04-15 18:03:38.545 [info] > git status -z -uall [5ms]
2026-04-15 18:03:38.546 [info] > git for-each-ref --sort -committerdate --format %(refname)%00%(objectname)%00%(*objectname) [1ms]
2026-04-15 18:07:07.509 [info] > git for-each-ref --format=%(refname)%00%(upstream:short)%00%(objectname)%00%(upstream:track)%00%(upstream:remotename)%00%(upstream:remoteref) refs/heads/main refs/remotes/main [1ms]
2026-04-15 18:07:07.509 [info] > git config --get commit.template [10ms]
2026-04-15 18:07:07.526 [info] > git status -z -uall [9ms]
2026-04-15 18:07:07.526 [info] > git for-each-ref --sort -committerdate --format %(refname)%00%(objectname)%00%(*objectname) [2ms]
2026-04-15 18:07:12.541 [info] > git config --get commit.template [6ms]
2026-04-15 18:07:12.542 [info] > git for-each-ref --format=%(refname)%00%(upstream:short)%00%(objectname)%00%(upstream:track)%00%(upstream:remotename)%00%(upstream:remoteref) refs/heads/main refs/remotes/main [1ms]
2026-04-15 18:07:12.553 [info] > git status -z -uall [6ms]
2026-04-15 18:07:12.554 [info] > git for-each-ref --sort -committerdate --format %(refname)%00%(objectname)%00%(*objectname) [2ms]
2026-04-15 18:07:22.374 [info] > git config --get commit.template [5ms]
2026-04-15 18:07:22.375 [info] > git for-each-ref --format=%(refname)%00%(upstream:short)%00%(objectname)%00%(upstream:track)%00%(upstream:remotename)%00%(upstream:remoteref) refs/heads/main refs/remotes/main [1ms]
2026-04-15 18:07:22.385 [info] > git status -z -uall [5ms]
2026-04-15 18:07:22.386 [info] > git for-each-ref --sort -committerdate --format %(refname)%00%(objectname)%00%(*objectname) [1ms]
2026-04-15 18:07:29.217 [info] > git config --get commit.template [6ms]
2026-04-15 18:07:29.387 [info] > git for-each-ref --format=%(refname)%00%(upstream:short)%00%(objectname)%00%(upstream:track)%00%(upstream:remotename)%00%(upstream:remoteref) refs/heads/main refs/remotes/main [169ms]
2026-04-15 18:07:29.398 [info] > git status -z -uall [6ms]
2026-04-15 18:07:29.399 [info] > git for-each-ref --sort -committerdate --format %(refname)%00%(objectname)%00%(*objectname) [1ms]
2026-04-15 18:07:36.409 [info] > git config --get commit.template [5ms]
2026-04-15 18:07:36.576 [info] > git for-each-ref --format=%(refname)%00%(upstream:short)%00%(objectname)%00%(upstream:track)%00%(upstream:remotename)%00%(upstream:remoteref) refs/heads/main refs/remotes/main [167ms]
2026-04-15 18:07:36.587 [info] > git status -z -uall [6ms]
2026-04-15 18:07:36.588 [info] > git for-each-ref --sort -committerdate --format %(refname)%00%(objectname)%00%(*objectname) [1ms]
2026-04-15 18:07:43.111 [info] > git config --get commit.template [6ms]
2026-04-15 18:07:43.112 [info] > git for-each-ref --format=%(refname)%00%(upstream:short)%00%(objectname)%00%(upstream:track)%00%(upstream:remotename)%00%(upstream:remoteref) refs/heads/main refs/remotes/main [1ms]
2026-04-15 18:07:43.123 [info] > git status -z -uall [6ms]
2026-04-15 18:07:43.124 [info] > git for-each-ref --sort -committerdate --format %(refname)%00%(objectname)%00%(*objectname) [1ms]
2026-04-15 18:07:48.138 [info] > git config --get commit.template [6ms]
2026-04-15 18:07:48.139 [info] > git for-each-ref --format=%(refname)%00%(upstream:short)%00%(objectname)%00%(upstream:track)%00%(upstream:remotename)%00%(upstream:remoteref) refs/heads/main refs/remotes/main [2ms]
2026-04-15 18:07:48.149 [info] > git status -z -uall [5ms]
2026-04-15 18:07:48.150 [info] > git for-each-ref --sort -committerdate --format %(refname)%00%(objectname)%00%(*objectname) [1ms]
2026-04-15 18:07:54.545 [info] > git config --get commit.template [6ms]
2026-04-15 18:07:54.546 [info] > git for-each-ref --format=%(refname)%00%(upstream:short)%00%(objectname)%00%(upstream:track)%00%(upstream:remotename)%00%(upstream:remoteref) refs/heads/main refs/remotes/main [1ms]
2026-04-15 18:07:54.557 [info] > git status -z -uall [6ms]
2026-04-15 18:07:54.558 [info] > git for-each-ref --sort -committerdate --format %(refname)%00%(objectname)%00%(*objectname) [1ms]
2026-04-15 18:14:16.189 [info] > git config --get commit.template [5ms]
2026-04-15 18:14:16.190 [info] > git for-each-ref --format=%(refname)%00%(upstream:short)%00%(objectname)%00%(upstream:track)%00%(upstream:remotename)%00%(upstream:remoteref) refs/heads/main refs/remotes/main [1ms]
2026-04-15 18:14:16.200 [info] > git status -z -uall [5ms]
2026-04-15 18:14:16.201 [info] > git for-each-ref --sort -committerdate --format %(refname)%00%(objectname)%00%(*objectname) [1ms]
2026-04-15 18:14:21.214 [info] > git config --get commit.template [5ms]
2026-04-15 18:14:21.215 [info] > git for-each-ref --format=%(refname)%00%(upstream:short)%00%(objectname)%00%(upstream:track)%00%(upstream:remotename)%00%(upstream:remoteref) refs/heads/main refs/remotes/main [1ms]
2026-04-15 18:14:21.226 [info] > git status -z -uall [6ms]
2026-04-15 18:14:21.227 [info] > git for-each-ref --sort -committerdate --format %(refname)%00%(objectname)%00%(*objectname) [2ms]
2026-04-15 19:46:06.880 [info] > git log --format=%H%n%aN%n%aE%n%at%n%ct%n%P%n%D%n%B -z --shortstat --diff-merges=first-parent -n50 --skip=0 --topo-order --decorate=full --stdin [13ms]
2026-04-15 19:46:06.931 [info] > git merge-base main origin/main [2ms]
2026-04-15 19:46:08.794 [info] > git config --get commit.template [7ms]
2026-04-15 19:46:08.795 [info] > git for-each-ref --format=%(refname)%00%(upstream:short)%00%(objectname)%00%(upstream:track)%00%(upstream:remotename)%00%(upstream:remoteref) refs/heads/main refs/remotes/main [2ms]
2026-04-15 19:46:08.807 [info] > git status -z -uall [6ms]
2026-04-15 19:46:08.808 [info] > git for-each-ref --sort -committerdate --format %(refname)%00%(objectname)%00%(*objectname) [2ms]
2026-04-15 19:46:08.889 [info] > git ls-files --stage -- lib/main.dart [2ms]
2026-04-15 19:46:08.895 [info] > git cat-file -s dc3af4870213b4aa1efc176e74f25c257d57e2e9 [1ms]
2026-04-15 19:46:08.903 [info] > git show --textconv :lib/main.dart [1ms]
2026-04-15 19:46:14.820 [info] > git add -A -- . [10ms]
2026-04-15 19:46:14.835 [info] > git -c user.useConfigOnly=true commit --quiet --allow-empty-message --file - [8ms]
2026-04-15 19:46:14.843 [info] > git config --get commit.template [0ms]
2026-04-15 19:46:14.858 [info] > git config --get commit.template [7ms]
2026-04-15 19:46:14.859 [info] > git for-each-ref --format=%(refname)%00%(upstream:short)%00%(objectname)%00%(upstream:track)%00%(upstream:remotename)%00%(upstream:remoteref) refs/heads/main refs/remotes/main [1ms]
2026-04-15 19:46:14.875 [info] > git status -z -uall [9ms]
2026-04-15 19:46:14.876 [info] > git for-each-ref --sort -committerdate --format %(refname)%00%(objectname)%00%(*objectname) [2ms]
2026-04-15 19:46:14.917 [info] > git show -s --decorate=full --shortstat --format=%H%n%aN%n%aE%n%at%n%ct%n%P%n%D%n%B -z 5179512824a7a1e94e1af955533f1853d66c9f69 -- [10ms]
2026-04-15 19:46:14.918 [info] > git merge-base refs/heads/main refs/remotes/origin/main [19ms]
2026-04-15 19:46:14.925 [info] > git blame --root --incremental 5179512824a7a1e94e1af955533f1853d66c9f69 -- lib/main.dart [37ms]
2026-04-15 19:46:14.928 [info] > git diff --name-status -z --diff-filter=ADMR --find-renames=50% c6d9fd4cbd5990e659018cbfd2bb9de3f0dc48bd...refs/remotes/origin/main -- [3ms]
2026-04-15 19:46:14.993 [info] > git log --format=%H%n%aN%n%aE%n%at%n%ct%n%P%n%D%n%B -z --shortstat --diff-merges=first-parent -n50 --skip=0 --topo-order --decorate=full --stdin [14ms]
2026-04-15 19:46:15.043 [info] > git merge-base main origin/main [1ms]
2026-04-15 19:46:16.034 [info] > git ls-files --stage -- lib/main.dart [1ms]
2026-04-15 19:46:16.041 [info] > git cat-file -s aefa6058bc65fff97c5f04601ba340cd1c9040a8 [1ms]
2026-04-15 19:46:16.049 [info] > git show --textconv :lib/main.dart [2ms]
2026-04-15 19:46:16.108 [info] > git push origin main:main [1192ms]
2026-04-15 19:46:16.108 [info] To https://github.com/ManedLobo/health.git
   c6d9fd4..5179512  main -> main
2026-04-15 19:46:16.119 [info] > git config --get commit.template [6ms]
2026-04-15 19:46:16.120 [info] > git for-each-ref --format=%(refname)%00%(upstream:short)%00%(objectname)%00%(upstream:track)%00%(upstream:remotename)%00%(upstream:remoteref) refs/heads/main refs/remotes/main [1ms]
2026-04-15 19:46:16.132 [info] > git status -z -uall [7ms]
2026-04-15 19:46:16.132 [info] > git for-each-ref --sort -committerdate --format %(refname)%00%(objectname)%00%(*objectname) [1ms]
2026-04-15 19:46:16.141 [info] > git merge-base refs/heads/main refs/remotes/origin/main [1ms]
2026-04-15 19:46:16.153 [info] > git diff --name-status -z --diff-filter=ADMR --find-renames=50% 5179512824a7a1e94e1af955533f1853d66c9f69...refs/remotes/origin/main -- [6ms]
2026-04-15 19:46:16.164 [info] > git config --get commit.template [1ms]
2026-04-15 19:46:16.171 [info] > git log --format=%H%n%aN%n%aE%n%at%n%ct%n%P%n%D%n%B -z --shortstat --diff-merges=first-parent -n50 --skip=0 --topo-order --decorate=full --stdin [18ms]
2026-04-15 19:46:16.174 [info] > git for-each-ref --format=%(refname)%00%(upstream:short)%00%(objectname)%00%(upstream:track)%00%(upstream:remotename)%00%(upstream:remoteref) refs/heads/main refs/remotes/main [4ms]
2026-04-15 19:46:16.190 [info] > git status -z -uall [11ms]
2026-04-15 19:46:16.191 [info] > git for-each-ref --sort -committerdate --format %(refname)%00%(objectname)%00%(*objectname) [5ms]
2026-04-15 19:46:16.193 [info] > git merge-base main origin/main [3ms]
2026-04-15 19:46:17.204 [info] > git config --get commit.template [5ms]
2026-04-15 19:46:17.205 [info] > git for-each-ref --format=%(refname)%00%(upstream:short)%00%(objectname)%00%(upstream:track)%00%(upstream:remotename)%00%(upstream:remoteref) refs/heads/main refs/remotes/main [1ms]
2026-04-15 19:46:17.216 [info] > git status -z -uall [5ms]
2026-04-15 19:46:17.217 [info] > git for-each-ref --sort -committerdate --format %(refname)%00%(objectname)%00%(*objectname) [1ms]
2026-04-15 19:46:17.300 [info] > git ls-files --stage -- lib/main.dart [1ms]
2026-04-15 19:46:17.307 [info] > git cat-file -s aefa6058bc65fff97c5f04601ba340cd1c9040a8 [1ms]
2026-04-15 19:46:17.314 [info] > git show --textconv :lib/main.dart [1ms]
2026-04-15 20:05:39.238 [info] > git config --get commit.template [6ms]
2026-04-15 20:05:39.239 [info] > git for-each-ref --format=%(refname)%00%(upstream:short)%00%(objectname)%00%(upstream:track)%00%(upstream:remotename)%00%(upstream:remoteref) refs/heads/main refs/remotes/main [2ms]
2026-04-15 20:05:39.250 [info] > git status -z -uall [6ms]
2026-04-15 20:05:39.251 [info] > git for-each-ref --sort -committerdate --format %(refname)%00%(objectname)%00%(*objectname) [2ms]
