2026-04-15 13:12:09.639 [info] Extension host with pid 9118 started
2026-04-15 13:12:09.639 [info] Skipping acquiring lock for /home/alobo/.config/Antigravity/User/workspaceStorage/ab7b6e8c626f0947b652ae4edef4ba05.
2026-04-15 13:12:09.736 [info] ExtensionService#_doActivateExtension vscode.emmet, startup: false, activationEvent: 'onLanguage'
2026-04-15 13:12:09.784 [info] ExtensionService#_doActivateExtension vscode.git-base, startup: true, activationEvent: '*', root cause: google.antigravity
2026-04-15 13:12:09.798 [info] ExtensionService#_doActivateExtension vscode.git, startup: true, activationEvent: '*', root cause: google.antigravity
2026-04-15 13:12:09.858 [info] ExtensionService#_doActivateExtension vscode.github, startup: true, activationEvent: '*'
2026-04-15 13:12:09.931 [info] ExtensionService#_doActivateExtension google.antigravity, startup: true, activationEvent: '*'
2026-04-15 13:12:10.590 [info] ExtensionService#_doActivateExtension vscode.github-authentication, startup: false, activationEvent: 'onAuthenticationRequest:github'
2026-04-15 13:12:16.259 [info] Eager extensions activated
2026-04-15 13:12:16.261 [info] ExtensionService#_doActivateExtension google.antigravity-dev-containers, startup: false, activationEvent: 'onStartupFinished'
2026-04-15 13:12:16.267 [info] ExtensionService#_doActivateExtension vscode.debug-auto-launch, startup: false, activationEvent: 'onStartupFinished'
2026-04-15 13:12:16.270 [info] ExtensionService#_doActivateExtension vscode.merge-conflict, startup: false, activationEvent: 'onStartupFinished'
2026-04-15 13:12:16.289 [info] ExtensionService#_doActivateExtension vscodevim.vim, startup: false, activationEvent: 'onStartupFinished'
2026-04-15 13:12:17.415 [error] Error: ENOENT: no such file or directory, open '/home/alobo/.config/Antigravity/User/globalStorage/vscodevim.vim/.registers'
2026-04-15 13:34:35.200 [info] ExtensionService#_doActivateExtension vscode.extension-editing, startup: false, activationEvent: 'onLanguage:markdown'
2026-04-15 13:34:35.214 [info] ExtensionService#_doActivateExtension vscode.markdown-language-features, startup: false, activationEvent: 'onLanguage:markdown'
2026-04-15 16:01:48.560 [info] ExtensionService#_doActivateExtension vscode.configuration-editing, startup: false, activationEvent: 'onLanguage:jsonc'
2026-04-15 16:01:48.568 [info] ExtensionService#_doActivateExtension vscode.json-language-features, startup: false, activationEvent: 'onLanguage:jsonc'
2026-04-15 16:01:48.618 [info] ExtensionService#_doActivateExtension vscode.typescript-language-features, startup: false, activationEvent: 'onLanguage:jsonc'
2026-04-15 17:20:44.173 [info] ExtensionService#_doActivateExtension vscode.npm, startup: false, activationEvent: 'onLanguage:json'
2026-04-15 20:05:39.294 [info] Extension host terminating: renderer closed the MessagePort
2026-04-15 20:05:39.422 [info] Extension host with pid 9118 exiting with code 0
