2026-04-15 13:12:10.699 [info] Reading sessions from keychain...
2026-04-15 13:12:10.699 [info] Getting sessions for all scopes...
2026-04-15 13:12:10.699 [info] Got 0 sessions for ...
2026-04-15 13:12:10.699 [info] Getting sessions for all scopes...
2026-04-15 13:12:10.699 [info] Got 0 sessions for ...
2026-04-15 13:12:10.699 [info] Getting sessions for all scopes...
2026-04-15 13:12:10.699 [info] Got 0 sessions for ...
2026-04-15 13:12:10.699 [info] Getting sessions for read:user,repo,user:email,workflow...
2026-04-15 13:12:10.699 [info] Got 0 sessions for read:user,repo,user:email,workflow...
2026-04-15 13:12:10.898 [info] Getting sessions for all scopes...
2026-04-15 13:12:10.898 [info] Got 0 sessions for ...
2026-04-15 13:12:11.754 [info] Getting sessions for all scopes...
2026-04-15 13:12:11.754 [info] Got 0 sessions for ...
2026-04-15 13:12:11.871 [info] Getting sessions for all scopes...
2026-04-15 13:12:11.871 [info] Got 0 sessions for ...
2026-04-15 13:12:12.764 [info] Getting sessions for all scopes...
2026-04-15 13:12:12.764 [info] Got 0 sessions for ...
2026-04-15 15:56:26.746 [info] Getting sessions for read:user,repo,user:email,workflow...
2026-04-15 15:56:26.746 [info] Got 0 sessions for read:user,repo,user:email,workflow...
2026-04-15 15:56:37.089 [info] Getting sessions for read:user,repo,user:email,workflow...
2026-04-15 15:56:37.089 [info] Got 0 sessions for read:user,repo,user:email,workflow...
2026-04-15 15:56:38.710 [info] Logging in with 'any' account...
2026-04-15 15:56:38.710 [info] Logging in for the following scopes: read:user repo user:email workflow
2026-04-15 15:56:38.728 [info] Trying device code flow... (read:user repo user:email workflow)
2026-04-15 15:58:41.850 [error] Timed out
2026-04-15 16:01:06.658 [info] Getting sessions for all scopes...
2026-04-15 16:01:06.658 [info] Got 0 sessions for ...
2026-04-15 16:01:07.314 [info] Getting sessions for all scopes...
2026-04-15 16:01:07.314 [info] Got 0 sessions for ...
2026-04-15 16:01:15.159 [info] Getting sessions for read:user,repo,user:email,workflow...
2026-04-15 16:01:15.159 [info] Got 0 sessions for read:user,repo,user:email,workflow...
2026-04-15 16:01:16.551 [info] Logging in with 'any' account...
2026-04-15 16:01:16.551 [info] Logging in for the following scopes: read:user repo user:email workflow
2026-04-15 16:01:16.556 [info] Trying device code flow... (read:user repo user:email workflow)
2026-04-15 16:01:36.584 [info] Getting user info...
2026-04-15 16:01:36.911 [info] Got account info!
2026-04-15 16:01:36.912 [info] Storing 1 sessions...
2026-04-15 16:01:37.277 [info] FetcherService: Electron fetch failed with status: 401 
2026-04-15 16:01:37.634 [info] FetcherService: Node fetch failed with status: 401 Unauthorized
2026-04-15 16:01:38.042 [info] FetcherService: Node http/s failed with status: 401 Unauthorized
2026-04-15 16:01:48.666 [info] Reading sessions from keychain...
2026-04-15 16:01:48.666 [info] Stored 1 sessions!
2026-04-15 16:01:48.666 [info] Login success!
2026-04-15 16:01:48.702 [info] Got stored sessions!
2026-04-15 16:01:48.702 [info] Got 1 verified sessions.
2026-04-15 16:01:48.733 [info] Getting sessions for read:user,repo,user:email,workflow...
2026-04-15 16:01:48.733 [info] Got 1 sessions for read:user,repo,user:email,workflow...
2026-04-15 16:01:49.524 [info] Getting sessions for read:user,repo,user:email,workflow...
2026-04-15 16:01:49.524 [info] Got 1 sessions for read:user,repo,user:email,workflow...
2026-04-15 19:46:15.302 [info] Getting sessions for read:user,repo,user:email,workflow...
2026-04-15 19:46:15.305 [info] Got 1 sessions for read:user,repo,user:email,workflow...
