INFO  2026-02-13T16:07:16.443+00:00 ThreadId(1) [1P:foundation/op-log/src/lib.rs:674] Removed 1 old log files
INFO  2026-02-13T16:07:16.448+00:00 ThreadId(1) [1P:op-settings/src/store/json_store.rs:75] Settings file created @ 2026-01-29 20:42:23.551573876 UTC and last modified @ 2026-01-29 20:42:33.312651107 UTC
INFO  2026-02-13T16:07:16.471+00:00 ThreadId(1) [client:typescript] Client starting.
INFO  2026-02-13T16:07:16.827+00:00 ThreadId(1) [1P:op-localization/src/lib.rs:238] system locale detected as 'en-US'
INFO  2026-02-13T16:07:16.835+00:00 ThreadId(1) [1P:op-localization/src/lib.rs:264] selected translations for EN_US based on detected locale en-US
INFO  2026-02-13T16:07:16.835+00:00 ThreadId(1) [status:app/op-app/src/app.rs:1092] App::new(1Password for Linux/81200013 (EN_US), /home/<redacted-username>/.config/1Password)
INFO  2026-02-13T16:07:16.855+00:00 1p-enable-crash-reporter(ThreadId(17)) [1P:op-b5-client/src/b5_client/features/mod.rs:381] Using feature-rollout-service for pre-registration features.
WARN  2026-02-13T16:07:16.855+00:00 1p-enable-crash-reporter(ThreadId(17)) [1P:op-b5-client/src/b5_client/features/mod.rs:440] Device UUID missing; setting headers to omit device UUID for pre-reg features request to service.
INFO  2026-02-13T16:07:16.930+00:00 ThreadId(1) [1P:data/op-db/src/common/mod.rs:186] Core DB Integrity Check Succeeded
INFO  2026-02-13T16:07:16.931+00:00 ThreadId(1) [1P:data/op-db/src/core_db/db.rs:135] Starting Core DB at version: 57
INFO  2026-02-13T16:07:16.932+00:00 ThreadId(1) [1P:data/op-db/src/common/mod.rs:155] Core DB Table Integrity Check Succeeded
INFO  2026-02-13T16:07:16.981+00:00 ThreadId(1) [1P:data/op-db/src/common/mod.rs:186] Resources DB Integrity Check Succeeded
INFO  2026-02-13T16:07:16.981+00:00 ThreadId(1) [1P:data/op-db/src/common/mod.rs:155] Resources DB Table Integrity Check Succeeded
INFO  2026-02-13T16:07:16.981+00:00 ThreadId(1) [1P:data/op-db/src/resources_db/db.rs:110] Starting Resources DB at version: 1
ERROR 2026-02-13T16:07:17.013+00:00 ThreadId(1) [1P:/mnt/ephemeral/builds/dev/core/core/ssh/op-ssh-config/src/lib.rs:251] Failed to start ssh config file watcher: Io(Os { code: 2, kind: NotFound, message: "No such file or directory" })
INFO  2026-02-13T16:07:17.015+00:00 runtime-worker(ThreadId(10)) [1P:op-b5-client/src/b5_client/features/mod.rs:381] Using feature-rollout-service for pre-registration features.
INFO  2026-02-13T16:07:17.041+00:00 ThreadId(1) [1P:native-messaging/op-nm-installer/src/nix_utils.rs:68] Created NMH manifest at /home/<redacted-username>/.config/google-chrome/NativeMessagingHosts/com.1password.1password.json
INFO  2026-02-13T16:07:17.041+00:00 ThreadId(1) [1P:native-messaging/op-nm-installer/src/nix_utils.rs:68] Created NMH manifest at /home/<redacted-username>/.config/google-chrome-beta/NativeMessagingHosts/com.1password.1password.json
INFO  2026-02-13T16:07:17.042+00:00 ThreadId(1) [1P:native-messaging/op-nm-installer/src/nix_utils.rs:68] Created NMH manifest at /home/<redacted-username>/.config/google-chrome-unstable/NativeMessagingHosts/com.1password.1password.json
INFO  2026-02-13T16:07:17.043+00:00 ThreadId(1) [1P:native-messaging/op-nm-installer/src/nix_utils.rs:68] Created NMH manifest at /home/<redacted-username>/.config/chromium/NativeMessagingHosts/com.1password.1password.json
INFO  2026-02-13T16:07:17.043+00:00 ThreadId(1) [1P:native-messaging/op-nm-installer/src/nix_utils.rs:68] Created NMH manifest at /home/<redacted-username>/.config/microsoft-edge-dev/NativeMessagingHosts/com.1password.1password.json
INFO  2026-02-13T16:07:17.045+00:00 ThreadId(1) [1P:native-messaging/op-nm-installer/src/nix_utils.rs:68] Created NMH manifest at /home/<redacted-username>/.config/BraveSoftware/Brave-Browser/NativeMessagingHosts/com.1password.1password.json
INFO  2026-02-13T16:07:17.045+00:00 ThreadId(1) [1P:native-messaging/op-nm-installer/src/nix_utils.rs:68] Created NMH manifest at /home/<redacted-username>/.config/vivaldi/NativeMessagingHosts/com.1password.1password.json
INFO  2026-02-13T16:07:17.046+00:00 ThreadId(1) [1P:native-messaging/op-nm-installer/src/nix_utils.rs:68] Created NMH manifest at /home/<redacted-username>/.config/vivaldi-snapshot/NativeMessagingHosts/com.1password.1password.json
INFO  2026-02-13T16:07:17.047+00:00 ThreadId(1) [1P:native-messaging/op-nm-installer/src/nix_utils.rs:68] Created NMH manifest at /home/<redacted-username>/.mozilla/native-messaging-hosts/com.1password.1password.json
INFO  2026-02-13T16:07:17.047+00:00 ThreadId(1) [1P:native-messaging/op-nm-installer/src/nix_utils.rs:83] Successfully installed all native messaging manifests.
INFO  2026-02-13T16:07:17.052+00:00 runtime-worker(ThreadId(14)) [1P:native-messaging/op-nm-installer/src/nix_utils.rs:68] Created NMH manifest at /home/<redacted-username>/.config/google-chrome/NativeMessagingHosts/com.1password.1password.json
INFO  2026-02-13T16:07:17.052+00:00 runtime-worker(ThreadId(14)) [1P:native-messaging/op-nm-installer/src/nix_utils.rs:68] Created NMH manifest at /home/<redacted-username>/.config/google-chrome-beta/NativeMessagingHosts/com.1password.1password.json
INFO  2026-02-13T16:07:17.052+00:00 runtime-worker(ThreadId(14)) [1P:native-messaging/op-nm-installer/src/nix_utils.rs:68] Created NMH manifest at /home/<redacted-username>/.config/google-chrome-unstable/NativeMessagingHosts/com.1password.1password.json
INFO  2026-02-13T16:07:17.052+00:00 runtime-worker(ThreadId(14)) [1P:native-messaging/op-nm-installer/src/nix_utils.rs:68] Created NMH manifest at /home/<redacted-username>/.config/chromium/NativeMessagingHosts/com.1password.1password.json
INFO  2026-02-13T16:07:17.055+00:00 runtime-worker(ThreadId(14)) [1P:native-messaging/op-nm-installer/src/nix_utils.rs:68] Created NMH manifest at /home/<redacted-username>/.config/microsoft-edge-dev/NativeMessagingHosts/com.1password.1password.json
INFO  2026-02-13T16:07:17.055+00:00 runtime-worker(ThreadId(14)) [1P:native-messaging/op-nm-installer/src/nix_utils.rs:68] Created NMH manifest at /home/<redacted-username>/.config/BraveSoftware/Brave-Browser/NativeMessagingHosts/com.1password.1password.json
INFO  2026-02-13T16:07:17.055+00:00 runtime-worker(ThreadId(14)) [1P:native-messaging/op-nm-installer/src/nix_utils.rs:68] Created NMH manifest at /home/<redacted-username>/.config/vivaldi/NativeMessagingHosts/com.1password.1password.json
INFO  2026-02-13T16:07:17.055+00:00 runtime-worker(ThreadId(14)) [1P:native-messaging/op-nm-installer/src/nix_utils.rs:68] Created NMH manifest at /home/<redacted-username>/.config/vivaldi-snapshot/NativeMessagingHosts/com.1password.1password.json
INFO  2026-02-13T16:07:17.056+00:00 runtime-worker(ThreadId(14)) [1P:native-messaging/op-nm-installer/src/nix_utils.rs:68] Created NMH manifest at /home/<redacted-username>/.mozilla/native-messaging-hosts/com.1password.1password.json
INFO  2026-02-13T16:07:17.056+00:00 runtime-worker(ThreadId(14)) [1P:native-messaging/op-nm-installer/src/nix_utils.rs:83] Successfully installed all native messaging manifests.
INFO  2026-02-13T16:07:17.057+00:00 ThreadId(1) [1P:app/op-app/src/app.rs:1747] initializing Developer Environment mount handler
INFO  2026-02-13T16:07:17.071+00:00 runtime-worker(ThreadId(13)) [1P:app/op-app-common/src/unlocked_session_keepalive.rs:70] Starting unlocked session keepalive
ERROR 2026-02-13T16:07:17.106+00:00 runtime-worker(ThreadId(9)) [1P:native-messaging/op-native-core-integration/src/lib.rs:762] Listener on SETTING_STATUS has been dropped, unable to communicate changes made to browser SLS setting
INFO  2026-02-13T16:07:17.106+00:00 runtime-worker(ThreadId(14)) [1P:native-messaging/op-native-core-integration/src/lib.rs:568] Starting IPC listener on 1Password-BrowserSupport
ERROR 2026-02-13T16:07:17.106+00:00 ThreadId(1) [1P:ffi/op-core-node/src/lib.rs:559] Io(Os { code: 2, kind: NotFound, message: "No such file or directory" })
INFO  2026-02-13T16:07:17.106+00:00 runtime-worker(ThreadId(11)) [1P:native-messaging/op-native-core-integration/src/lib.rs:580] Active native core integration is awaiting messages
INFO  2026-02-13T16:07:17.170+00:00 runtime-worker(ThreadId(13)) [1P:ssh/op-agent-controller/src/lib.rs:584] Starting filesystem watcher for SSH agent configuration directories...
ERROR 2026-02-13T16:07:17.173+00:00 runtime-worker(ThreadId(13)) [1P:/mnt/ephemeral/builds/dev/core/core/ssh/op-agent-controller/src/lib.rs:585] Io(Os { code: 2, kind: NotFound, message: "No such file or directory" })
INFO  2026-02-13T16:07:17.179+00:00 1p-enable-crash-reporter(ThreadId(17)) [1P:op-crash-reporting/src/crash_handler.rs:276] Started crash handler thread
INFO  2026-02-13T16:07:17.826+00:00 runtime-worker(ThreadId(11)) [1P:app/op-app/src/app/backend/lock_screen.rs:107] System unlock is enabled: true
INFO  2026-02-13T16:07:17.833+00:00 runtime-worker(ThreadId(9)) [1P:app/op-app/src/app/backend/lock_screen.rs:135] Sys auth status NotSetup
INFO  2026-02-13T16:07:21.428+00:00 runtime-worker(ThreadId(14)) [1P:app/op-app/src/app/backend/lock_screen.rs:107] System unlock is enabled: true
INFO  2026-02-13T16:07:21.546+00:00 runtime-worker(ThreadId(14)) [1P:/mnt/ephemeral/builds/dev/core/core/data/ext/op-account-ext-settings-authentication/src/lib.rs:241] loaded settings authentication key: 77d2ea594ea000ce
INFO  2026-02-13T16:07:21.548+00:00 runtime-worker(ThreadId(14)) [1P:data/ext/op-account-ext-search-weights/src/weights.rs:112] Search weights loaded for account with 2 entries (total bytes: 353)
INFO  2026-02-13T16:07:21.555+00:00 runtime-worker(ThreadId(14)) [1P:data/ext/op-account-ext-items/src/lib.rs:316] loaded 432 items in 7 vaults for account: CKAJ5ZSUNVEYZIK4X5DPY5C2Q4
INFO  2026-02-13T16:07:21.563+00:00 runtime-worker(ThreadId(14)) [1P:op-telemetry/src/middleware/opt_state.rs:122] op-telemetry: account uuid 'CKAJ5ZSUNVEYZIK4X5DPY5C2Q4' changed telemetry state to Decided(In)
INFO  2026-02-13T16:07:21.563+00:00 runtime-worker(ThreadId(14)) [1P:op-settings/src/store/policies.rs:150] Notifying settings changed due to b5 policies.
INFO  2026-02-13T16:07:21.574+00:00 runtime-worker(ThreadId(9)) [1P:data/ext/op-account-ext-settings-authentication/src/lib.rs:322] exactly one existing key found (77d2ea594ea000ce). Applying it to any new accounts
INFO  2026-02-13T16:07:21.574+00:00 runtime-worker(ThreadId(9)) [1P:op-settings/src/store/json_store.rs:787] initializing settings authentication with key 77d2ea594ea000ce
INFO  2026-02-13T16:07:21.574+00:00 runtime-worker(ThreadId(3)) [1P:app/op-app/src/app/backend/unlock.rs:196] Lock state changed: Unlocked
INFO  2026-02-13T16:07:21.574+00:00 runtime-worker(ThreadId(9)) [1P:app/op-app/src/app/backend/unlock.rs:264] Processing unlocked account CKAJ5ZSUNVEYZIK4X5DPY5C2Q4
INFO  2026-02-13T16:07:21.694+00:00 runtime-worker(ThreadId(12)) [1P:data/op-account-system-unlock/src/lib.rs:792] Adding system unlock key. Verifying keysets can be decrypted.
INFO  2026-02-13T16:07:21.695+00:00 runtime-worker(ThreadId(12)) [1P:data/op-account-system-unlock/src/lib.rs:798] Adding system unlock key. Encrypting muk.
INFO  2026-02-13T16:07:21.696+00:00 ThreadId(19) [1P:data/op-account-system-unlock/src/lib.rs:804] Adding system unlock key. Updating account.
INFO  2026-02-13T16:07:21.811+00:00 runtime-worker(ThreadId(82)) [1P:app/op-app/src/app/backend/quick_access.rs:186] Getting suggestions for quick access
INFO  2026-02-13T16:07:21.811+00:00 runtime-worker(ThreadId(83)) [1P:app/op-app/src/app/backend/quick_access.rs:186] Getting suggestions for quick access
INFO  2026-02-13T16:07:22.234+00:00 runtime-worker(ThreadId(8)) [1P:op-b5-client/src/internal/unauthorized_session/auth_flow.rs:1043] Skipping MFA because server did not return MFA config
INFO  2026-02-13T16:07:22.379+00:00 runtime-worker(ThreadId(11)) [1P:op-b5-client/src/b5_client/features/mod.rs:381] Using feature-rollout-service for pre-registration features.
INFO  2026-02-13T16:07:22.546+00:00 runtime-worker(ThreadId(12)) [1P:data/ext/op-account-ext-syncer/src/lib.rs:250] The B5 Notifier for (CKAJ5ZSUNVEYZIK4X5DPY5C2Q4) has connected, now monitoring for events.
ERROR 2026-02-13T16:07:22.645+00:00 runtime-worker(ThreadId(6)) [1P:data/op-syncer/src/system_vault.rs:29] Error creating system vault for account (CKAJ5ZSUNVEYZIK4X5DPY5C2Q4): FetchDataError(FetchError(<unknown reason>, code: HttpStatus(400), Session ID: Some(Session ID: 7A7A7EGVFJFCRE6DGE2HM7Y2FU)))
INFO  2026-02-13T16:07:22.646+00:00 runtime-worker(ThreadId(6)) [1P:data/op-syncer/src/sync_job.rs:486] synced account CKAJ5ZSUNVEYZIK4X5DPY5C2Q4 (0.313291017s)
INFO  2026-02-13T16:07:22.646+00:00 runtime-worker(ThreadId(6)) [1P:op-file-transfer/src/lib.rs:732] find_and_complete_pending_uploads: 'CKAJ5ZSUNVEYZIK4X5DPY5C2Q4'
INFO  2026-02-13T16:07:22.661+00:00 runtime-worker(ThreadId(76)) [1P:app/op-app/src/app/backend/quick_access.rs:186] Getting suggestions for quick access
INFO  2026-02-13T16:07:34.213+00:00 runtime-worker(ThreadId(8)) [1P:app/op-app/src/app/backend/frontend.rs:22] Front end event: window closed
INFO  2026-02-13T16:10:10.595+00:00 runtime-worker(ThreadId(12)) [1P:op-notification-listener/src/lib.rs:264] Delaying notifier reconnection for 21 seconds.
WARN  2026-02-13T16:10:10.595+00:00 runtime-worker(ThreadId(12)) [1P:data/ext/op-account-ext-syncer/src/lib.rs:264] The B5 Notifier for (CKAJ5ZSUNVEYZIK4X5DPY5C2Q4) has disconnected.
INFO  2026-02-13T16:10:32.053+00:00 runtime-worker(ThreadId(8)) [1P:data/ext/op-account-ext-syncer/src/lib.rs:250] The B5 Notifier for (CKAJ5ZSUNVEYZIK4X5DPY5C2Q4) has connected, now monitoring for events.
INFO  2026-02-13T16:17:21.885+00:00 runtime-worker(ThreadId(7)) [1P:app/op-app-common/src/unlocked_session_keepalive.rs:313] Server session extension succeeded for account: CKAJ5ZSUNVEYZIK4X5DPY5C2Q4
INFO  2026-02-13T16:27:22.229+00:00 runtime-worker(ThreadId(6)) [1P:app/op-app-common/src/unlocked_session_keepalive.rs:313] Server session extension succeeded for account: CKAJ5ZSUNVEYZIK4X5DPY5C2Q4
INFO  2026-02-13T16:37:22.617+00:00 runtime-worker(ThreadId(8)) [1P:app/op-app-common/src/unlocked_session_keepalive.rs:313] Server session extension succeeded for account: CKAJ5ZSUNVEYZIK4X5DPY5C2Q4
INFO  2026-02-13T16:47:22.943+00:00 runtime-worker(ThreadId(12)) [1P:app/op-app-common/src/unlocked_session_keepalive.rs:313] Server session extension succeeded for account: CKAJ5ZSUNVEYZIK4X5DPY5C2Q4
INFO  2026-02-13T16:57:23.277+00:00 runtime-worker(ThreadId(8)) [1P:app/op-app-common/src/unlocked_session_keepalive.rs:313] Server session extension succeeded for account: CKAJ5ZSUNVEYZIK4X5DPY5C2Q4
INFO  2026-02-13T17:07:23.650+00:00 runtime-worker(ThreadId(12)) [1P:app/op-app-common/src/unlocked_session_keepalive.rs:313] Server session extension succeeded for account: CKAJ5ZSUNVEYZIK4X5DPY5C2Q4
INFO  2026-02-13T17:17:23.987+00:00 runtime-worker(ThreadId(7)) [1P:app/op-app-common/src/unlocked_session_keepalive.rs:313] Server session extension succeeded for account: CKAJ5ZSUNVEYZIK4X5DPY5C2Q4
INFO  2026-02-13T17:27:24.412+00:00 runtime-worker(ThreadId(12)) [1P:app/op-app-common/src/unlocked_session_keepalive.rs:313] Server session extension succeeded for account: CKAJ5ZSUNVEYZIK4X5DPY5C2Q4
INFO  2026-02-13T17:37:24.784+00:00 runtime-worker(ThreadId(7)) [1P:app/op-app-common/src/unlocked_session_keepalive.rs:313] Server session extension succeeded for account: CKAJ5ZSUNVEYZIK4X5DPY5C2Q4
INFO  2026-02-13T17:47:25.125+00:00 runtime-worker(ThreadId(6)) [1P:app/op-app-common/src/unlocked_session_keepalive.rs:313] Server session extension succeeded for account: CKAJ5ZSUNVEYZIK4X5DPY5C2Q4
INFO  2026-02-13T17:57:25.505+00:00 runtime-worker(ThreadId(8)) [1P:app/op-app-common/src/unlocked_session_keepalive.rs:313] Server session extension succeeded for account: CKAJ5ZSUNVEYZIK4X5DPY5C2Q4
INFO  2026-02-13T18:07:25.886+00:00 runtime-worker(ThreadId(6)) [1P:app/op-app-common/src/unlocked_session_keepalive.rs:313] Server session extension succeeded for account: CKAJ5ZSUNVEYZIK4X5DPY5C2Q4
INFO  2026-02-13T18:07:41.524+00:00 ThreadId(73) [1P:op-auto-lock/src/linux.rs:515] X screensaver event detected
WARN  2026-02-13T18:07:41.525+00:00 runtime-worker(ThreadId(7)) [1P:data/op-syncer/src/queue.rs:123] Syncer channel for versioned syncs hung up! Sync task will be shut down.
INFO  2026-02-13T18:07:41.609+00:00 runtime-worker(ThreadId(6)) [1P:app/op-app/src/app/backend/lock.rs:213] Lock state changed: Locked
INFO  2026-02-13T18:07:41.609+00:00 runtime-worker(ThreadId(6)) [1P:app/op-app/src/app/backend/lock.rs:248] Locked. Reason: Automatic(ScreenSaverActivated).
WARN  2026-02-13T18:07:41.609+00:00 runtime-worker(ThreadId(6)) [1P:app/op-app/src/app/backend.rs:376] operation blocking event loop invoke Invocation(Internal(AutoLock(Automatic(ScreenSaverActivated)))) took more than 50 ms (84 ms)
INFO  2026-02-13T18:07:41.609+00:00 runtime-worker(ThreadId(7)) [1P:app/op-app/src/app/backend/mycelium/task_management.rs:65] Received a Mycelium channel close request, ignoring request as no task is actively running
