INFO  2026-02-26T16:01:31.298+00:00 ThreadId(1) [1P:foundation/op-log/src/lib.rs:674] Removed 1 old log files
INFO  2026-02-26T16:01:31.304+00:00 ThreadId(1) [1P:op-settings/src/store/json_store.rs:75] Settings file created @ 2026-01-29 20:42:23.551573876 UTC and last modified @ 2026-01-29 20:42:33.312651107 UTC
INFO  2026-02-26T16:01:31.329+00:00 ThreadId(1) [client:typescript] Client starting.
INFO  2026-02-26T16:01:36.953+00:00 ThreadId(1) [1P:op-localization/src/lib.rs:238] system locale detected as 'en-US'
INFO  2026-02-26T16:01:36.959+00:00 ThreadId(1) [1P:op-localization/src/lib.rs:264] selected translations for EN_US based on detected locale en-US
INFO  2026-02-26T16:01:36.959+00:00 ThreadId(1) [status:app/op-app/src/app.rs:1092] App::new(1Password for Linux/81200013 (EN_US), /home/<redacted-username>/.config/1Password)
INFO  2026-02-26T16:01:36.978+00:00 1p-enable-crash-reporter(ThreadId(17)) [1P:op-b5-client/src/b5_client/features/mod.rs:381] Using feature-rollout-service for pre-registration features.
WARN  2026-02-26T16:01:36.978+00:00 1p-enable-crash-reporter(ThreadId(17)) [1P:op-b5-client/src/b5_client/features/mod.rs:440] Device UUID missing; setting headers to omit device UUID for pre-reg features request to service.
INFO  2026-02-26T16:01:37.050+00:00 ThreadId(1) [1P:data/op-db/src/common/mod.rs:186] Core DB Integrity Check Succeeded
INFO  2026-02-26T16:01:37.050+00:00 ThreadId(1) [1P:data/op-db/src/core_db/db.rs:135] Starting Core DB at version: 57
INFO  2026-02-26T16:01:37.051+00:00 ThreadId(1) [1P:data/op-db/src/common/mod.rs:155] Core DB Table Integrity Check Succeeded
INFO  2026-02-26T16:01:37.083+00:00 ThreadId(1) [1P:data/op-db/src/common/mod.rs:186] Resources DB Integrity Check Succeeded
INFO  2026-02-26T16:01:37.083+00:00 ThreadId(1) [1P:data/op-db/src/common/mod.rs:155] Resources DB Table Integrity Check Succeeded
INFO  2026-02-26T16:01:37.083+00:00 ThreadId(1) [1P:data/op-db/src/resources_db/db.rs:110] Starting Resources DB at version: 1
ERROR 2026-02-26T16:01:37.116+00:00 ThreadId(1) [1P:/mnt/ephemeral/builds/dev/core/core/ssh/op-ssh-config/src/lib.rs:251] Failed to start ssh config file watcher: Io(Os { code: 2, kind: NotFound, message: "No such file or directory" })
INFO  2026-02-26T16:01:37.119+00:00 runtime-worker(ThreadId(12)) [1P:op-b5-client/src/b5_client/features/mod.rs:381] Using feature-rollout-service for pre-registration features.
INFO  2026-02-26T16:01:37.148+00:00 ThreadId(1) [1P:native-messaging/op-nm-installer/src/nix_utils.rs:68] Created NMH manifest at /home/<redacted-username>/.config/google-chrome/NativeMessagingHosts/com.1password.1password.json
INFO  2026-02-26T16:01:37.148+00:00 ThreadId(1) [1P:native-messaging/op-nm-installer/src/nix_utils.rs:68] Created NMH manifest at /home/<redacted-username>/.config/google-chrome-beta/NativeMessagingHosts/com.1password.1password.json
INFO  2026-02-26T16:01:37.149+00:00 ThreadId(1) [1P:native-messaging/op-nm-installer/src/nix_utils.rs:68] Created NMH manifest at /home/<redacted-username>/.config/google-chrome-unstable/NativeMessagingHosts/com.1password.1password.json
INFO  2026-02-26T16:01:37.150+00:00 ThreadId(1) [1P:native-messaging/op-nm-installer/src/nix_utils.rs:68] Created NMH manifest at /home/<redacted-username>/.config/chromium/NativeMessagingHosts/com.1password.1password.json
INFO  2026-02-26T16:01:37.150+00:00 ThreadId(1) [1P:native-messaging/op-nm-installer/src/nix_utils.rs:68] Created NMH manifest at /home/<redacted-username>/.config/microsoft-edge-dev/NativeMessagingHosts/com.1password.1password.json
INFO  2026-02-26T16:01:37.153+00:00 ThreadId(1) [1P:native-messaging/op-nm-installer/src/nix_utils.rs:68] Created NMH manifest at /home/<redacted-username>/.config/BraveSoftware/Brave-Browser/NativeMessagingHosts/com.1password.1password.json
INFO  2026-02-26T16:01:37.154+00:00 ThreadId(1) [1P:native-messaging/op-nm-installer/src/nix_utils.rs:68] Created NMH manifest at /home/<redacted-username>/.config/vivaldi/NativeMessagingHosts/com.1password.1password.json
INFO  2026-02-26T16:01:37.154+00:00 ThreadId(1) [1P:native-messaging/op-nm-installer/src/nix_utils.rs:68] Created NMH manifest at /home/<redacted-username>/.config/vivaldi-snapshot/NativeMessagingHosts/com.1password.1password.json
INFO  2026-02-26T16:01:37.155+00:00 ThreadId(1) [1P:native-messaging/op-nm-installer/src/nix_utils.rs:68] Created NMH manifest at /home/<redacted-username>/.mozilla/native-messaging-hosts/com.1password.1password.json
INFO  2026-02-26T16:01:37.155+00:00 ThreadId(1) [1P:native-messaging/op-nm-installer/src/nix_utils.rs:83] Successfully installed all native messaging manifests.
INFO  2026-02-26T16:01:37.159+00:00 runtime-worker(ThreadId(3)) [1P:native-messaging/op-nm-installer/src/nix_utils.rs:68] Created NMH manifest at /home/<redacted-username>/.config/google-chrome/NativeMessagingHosts/com.1password.1password.json
INFO  2026-02-26T16:01:37.159+00:00 runtime-worker(ThreadId(3)) [1P:native-messaging/op-nm-installer/src/nix_utils.rs:68] Created NMH manifest at /home/<redacted-username>/.config/google-chrome-beta/NativeMessagingHosts/com.1password.1password.json
INFO  2026-02-26T16:01:37.159+00:00 runtime-worker(ThreadId(3)) [1P:native-messaging/op-nm-installer/src/nix_utils.rs:68] Created NMH manifest at /home/<redacted-username>/.config/google-chrome-unstable/NativeMessagingHosts/com.1password.1password.json
INFO  2026-02-26T16:01:37.159+00:00 runtime-worker(ThreadId(3)) [1P:native-messaging/op-nm-installer/src/nix_utils.rs:68] Created NMH manifest at /home/<redacted-username>/.config/chromium/NativeMessagingHosts/com.1password.1password.json
INFO  2026-02-26T16:01:37.165+00:00 ThreadId(1) [1P:app/op-app/src/app.rs:1747] initializing Developer Environment mount handler
INFO  2026-02-26T16:01:37.176+00:00 runtime-worker(ThreadId(3)) [1P:native-messaging/op-nm-installer/src/nix_utils.rs:68] Created NMH manifest at /home/<redacted-username>/.config/microsoft-edge-dev/NativeMessagingHosts/com.1password.1password.json
INFO  2026-02-26T16:01:37.176+00:00 runtime-worker(ThreadId(3)) [1P:native-messaging/op-nm-installer/src/nix_utils.rs:68] Created NMH manifest at /home/<redacted-username>/.config/BraveSoftware/Brave-Browser/NativeMessagingHosts/com.1password.1password.json
INFO  2026-02-26T16:01:37.176+00:00 runtime-worker(ThreadId(3)) [1P:native-messaging/op-nm-installer/src/nix_utils.rs:68] Created NMH manifest at /home/<redacted-username>/.config/vivaldi/NativeMessagingHosts/com.1password.1password.json
INFO  2026-02-26T16:01:37.176+00:00 runtime-worker(ThreadId(3)) [1P:native-messaging/op-nm-installer/src/nix_utils.rs:68] Created NMH manifest at /home/<redacted-username>/.config/vivaldi-snapshot/NativeMessagingHosts/com.1password.1password.json
INFO  2026-02-26T16:01:37.177+00:00 runtime-worker(ThreadId(3)) [1P:native-messaging/op-nm-installer/src/nix_utils.rs:68] Created NMH manifest at /home/<redacted-username>/.mozilla/native-messaging-hosts/com.1password.1password.json
INFO  2026-02-26T16:01:37.177+00:00 runtime-worker(ThreadId(3)) [1P:native-messaging/op-nm-installer/src/nix_utils.rs:83] Successfully installed all native messaging manifests.
INFO  2026-02-26T16:01:37.181+00:00 runtime-worker(ThreadId(3)) [1P:app/op-app-common/src/unlocked_session_keepalive.rs:70] Starting unlocked session keepalive
ERROR 2026-02-26T16:01:37.225+00:00 runtime-worker(ThreadId(3)) [1P:native-messaging/op-native-core-integration/src/lib.rs:762] Listener on SETTING_STATUS has been dropped, unable to communicate changes made to browser SLS setting
INFO  2026-02-26T16:01:37.225+00:00 runtime-worker(ThreadId(9)) [1P:native-messaging/op-native-core-integration/src/lib.rs:568] Starting IPC listener on 1Password-BrowserSupport
ERROR 2026-02-26T16:01:37.225+00:00 ThreadId(1) [1P:ffi/op-core-node/src/lib.rs:559] Io(Os { code: 2, kind: NotFound, message: "No such file or directory" })
INFO  2026-02-26T16:01:37.226+00:00 runtime-worker(ThreadId(9)) [1P:native-messaging/op-native-core-integration/src/lib.rs:580] Active native core integration is awaiting messages
INFO  2026-02-26T16:01:37.269+00:00 1p-enable-crash-reporter(ThreadId(17)) [1P:op-crash-reporting/src/crash_handler.rs:276] Started crash handler thread
INFO  2026-02-26T16:01:37.270+00:00 runtime-worker(ThreadId(14)) [1P:ssh/op-agent-controller/src/lib.rs:584] Starting filesystem watcher for SSH agent configuration directories...
ERROR 2026-02-26T16:01:37.272+00:00 runtime-worker(ThreadId(14)) [1P:/mnt/ephemeral/builds/dev/core/core/ssh/op-agent-controller/src/lib.rs:585] Io(Os { code: 2, kind: NotFound, message: "No such file or directory" })
INFO  2026-02-26T16:01:37.946+00:00 runtime-worker(ThreadId(3)) [1P:app/op-app/src/app/backend/lock_screen.rs:107] System unlock is enabled: true
INFO  2026-02-26T16:01:37.953+00:00 runtime-worker(ThreadId(9)) [1P:app/op-app/src/app/backend/lock_screen.rs:135] Sys auth status NotSetup
INFO  2026-02-26T16:01:42.170+00:00 runtime-worker(ThreadId(11)) [1P:app/op-app/src/app/backend/lock_screen.rs:107] System unlock is enabled: true
INFO  2026-02-26T16:01:42.289+00:00 runtime-worker(ThreadId(3)) [1P:/mnt/ephemeral/builds/dev/core/core/data/ext/op-account-ext-settings-authentication/src/lib.rs:241] loaded settings authentication key: 77d2ea594ea000ce
INFO  2026-02-26T16:01:42.291+00:00 runtime-worker(ThreadId(11)) [1P:data/ext/op-account-ext-search-weights/src/weights.rs:112] Search weights loaded for account with 3 entries (total bytes: 527)
INFO  2026-02-26T16:01:42.298+00:00 runtime-worker(ThreadId(11)) [1P:data/ext/op-account-ext-items/src/lib.rs:316] loaded 435 items in 7 vaults for account: CKAJ5ZSUNVEYZIK4X5DPY5C2Q4
INFO  2026-02-26T16:01:42.306+00:00 runtime-worker(ThreadId(11)) [1P:op-settings/src/store/policies.rs:150] Notifying settings changed due to b5 policies.
INFO  2026-02-26T16:01:42.306+00:00 runtime-worker(ThreadId(13)) [1P:op-telemetry/src/middleware/opt_state.rs:122] op-telemetry: account uuid 'CKAJ5ZSUNVEYZIK4X5DPY5C2Q4' changed telemetry state to Decided(In)
INFO  2026-02-26T16:01:42.319+00:00 runtime-worker(ThreadId(14)) [1P:data/ext/op-account-ext-settings-authentication/src/lib.rs:322] exactly one existing key found (77d2ea594ea000ce). Applying it to any new accounts
INFO  2026-02-26T16:01:42.319+00:00 runtime-worker(ThreadId(14)) [1P:op-settings/src/store/json_store.rs:787] initializing settings authentication with key 77d2ea594ea000ce
INFO  2026-02-26T16:01:42.319+00:00 runtime-worker(ThreadId(14)) [1P:app/op-app/src/app/backend/unlock.rs:196] Lock state changed: Unlocked
INFO  2026-02-26T16:01:42.320+00:00 runtime-worker(ThreadId(7)) [1P:app/op-app/src/app/backend/unlock.rs:264] Processing unlocked account CKAJ5ZSUNVEYZIK4X5DPY5C2Q4
INFO  2026-02-26T16:01:42.440+00:00 runtime-worker(ThreadId(13)) [1P:data/op-account-system-unlock/src/lib.rs:792] Adding system unlock key. Verifying keysets can be decrypted.
INFO  2026-02-26T16:01:42.441+00:00 runtime-worker(ThreadId(13)) [1P:data/op-account-system-unlock/src/lib.rs:798] Adding system unlock key. Encrypting muk.
INFO  2026-02-26T16:01:42.445+00:00 ThreadId(19) [1P:data/op-account-system-unlock/src/lib.rs:804] Adding system unlock key. Updating account.
INFO  2026-02-26T16:01:42.561+00:00 runtime-worker(ThreadId(21)) [1P:app/op-app/src/app/backend/quick_access.rs:186] Getting suggestions for quick access
INFO  2026-02-26T16:01:42.563+00:00 runtime-worker(ThreadId(34)) [1P:app/op-app/src/app/backend/quick_access.rs:186] Getting suggestions for quick access
INFO  2026-02-26T16:01:42.978+00:00 runtime-worker(ThreadId(11)) [1P:op-b5-client/src/internal/unauthorized_session/auth_flow.rs:1043] Skipping MFA because server did not return MFA config
INFO  2026-02-26T16:01:43.067+00:00 runtime-worker(ThreadId(7)) [1P:op-b5-client/src/b5_client/features/mod.rs:171] Using feature-rollout-service for account features.
INFO  2026-02-26T16:01:43.142+00:00 runtime-worker(ThreadId(7)) [1P:op-b5-client/src/b5_client/features/mod.rs:381] Using feature-rollout-service for pre-registration features.
INFO  2026-02-26T16:01:43.222+00:00 runtime-worker(ThreadId(7)) [1P:data/ext/op-account-ext-syncer/src/lib.rs:250] The B5 Notifier for (CKAJ5ZSUNVEYZIK4X5DPY5C2Q4) has connected, now monitoring for events.
ERROR 2026-02-26T16:01:43.461+00:00 runtime-worker(ThreadId(13)) [1P:data/op-syncer/src/system_vault.rs:29] Error creating system vault for account (CKAJ5ZSUNVEYZIK4X5DPY5C2Q4): FetchDataError(FetchError(<unknown reason>, code: HttpStatus(400), Session ID: Some(Session ID: BTWOJREQDJEEDLRKPGMM4OLV34)))
INFO  2026-02-26T16:01:43.461+00:00 runtime-worker(ThreadId(13)) [1P:data/op-syncer/src/sync_job.rs:486] synced account CKAJ5ZSUNVEYZIK4X5DPY5C2Q4 (0.319379429s)
INFO  2026-02-26T16:01:43.462+00:00 runtime-worker(ThreadId(13)) [1P:op-file-transfer/src/lib.rs:732] find_and_complete_pending_uploads: 'CKAJ5ZSUNVEYZIK4X5DPY5C2Q4'
INFO  2026-02-26T16:01:43.479+00:00 runtime-worker(ThreadId(34)) [1P:app/op-app/src/app/backend/quick_access.rs:186] Getting suggestions for quick access
INFO  2026-02-26T16:01:44.072+00:00 runtime-worker(ThreadId(16)) [1P:app/op-app/src/app/backend/quick_access.rs:186] Getting suggestions for quick access
ERROR 2026-02-26T16:01:44.521+00:00 runtime-worker(ThreadId(14)) [1P:/mnt/ephemeral/builds/dev/core/core/op-b5-client/src/b5_client/features/mod.rs:221] FetchError(<unknown reason>, code: HttpStatus(504), Session ID: Some(Session ID: BTWOJREQDJEEDLRKPGMM4OLV34))
ERROR 2026-02-26T16:01:44.529+00:00 runtime-worker(ThreadId(14)) [1P:/mnt/ephemeral/builds/dev/core/core/service/op-service-feature-flags/src/lib.rs:209] error while updating feature flags for account UUID CKAJ5ZSUNVEYZIK4X5DPY5C2Q4: failed to query account features from B5: FetchError(<unknown reason>, code: HttpStatus(504), Session ID: Some(Session ID: BTWOJREQDJEEDLRKPGMM4OLV34))
INFO  2026-02-26T16:01:45.085+00:00 runtime-worker(ThreadId(34)) [1P:app/op-app/src/app/backend/quick_access.rs:186] Getting suggestions for quick access
INFO  2026-02-26T16:02:02.875+00:00 runtime-worker(ThreadId(11)) [1P:/mnt/ephemeral/builds/dev/core/core/ui/op-edit-item/src/banner_action.rs:127] Saving item
INFO  2026-02-26T16:02:03.129+00:00 runtime-worker(ThreadId(6)) [1P:data/op-syncer/src/sync_job.rs:1239] pushed 1 item(s); updated: 1; failed: 0; new vault content version: 179.
ERROR 2026-02-26T16:02:03.220+00:00 runtime-worker(ThreadId(7)) [1P:data/op-syncer/src/system_vault.rs:29] Error creating system vault for account (CKAJ5ZSUNVEYZIK4X5DPY5C2Q4): FetchDataError(FetchError(<unknown reason>, code: HttpStatus(400), Session ID: Some(Session ID: BTWOJREQDJEEDLRKPGMM4OLV34)))
INFO  2026-02-26T16:02:03.220+00:00 runtime-worker(ThreadId(7)) [1P:data/op-syncer/src/sync_job.rs:486] synced account CKAJ5ZSUNVEYZIK4X5DPY5C2Q4 (0.225135589s)
ERROR 2026-02-26T16:02:03.440+00:00 runtime-worker(ThreadId(6)) [1P:data/op-syncer/src/system_vault.rs:29] Error creating system vault for account (CKAJ5ZSUNVEYZIK4X5DPY5C2Q4): FetchDataError(FetchError(<unknown reason>, code: HttpStatus(400), Session ID: Some(Session ID: BTWOJREQDJEEDLRKPGMM4OLV34)))
INFO  2026-02-26T16:02:03.440+00:00 runtime-worker(ThreadId(6)) [1P:data/op-syncer/src/sync_job.rs:486] synced account CKAJ5ZSUNVEYZIK4X5DPY5C2Q4 (0.094989047s)
INFO  2026-02-26T16:02:04.704+00:00 runtime-worker(ThreadId(11)) [1P:/mnt/ephemeral/builds/dev/core/core/ui/op-edit-item/src/banner_action.rs:127] Saving item
INFO  2026-02-26T16:02:04.964+00:00 runtime-worker(ThreadId(13)) [1P:data/op-syncer/src/sync_job.rs:1239] pushed 1 item(s); updated: 1; failed: 0; new vault content version: 180.
ERROR 2026-02-26T16:02:05.056+00:00 runtime-worker(ThreadId(11)) [1P:data/op-syncer/src/system_vault.rs:29] Error creating system vault for account (CKAJ5ZSUNVEYZIK4X5DPY5C2Q4): FetchDataError(FetchError(<unknown reason>, code: HttpStatus(400), Session ID: Some(Session ID: BTWOJREQDJEEDLRKPGMM4OLV34)))
INFO  2026-02-26T16:02:05.056+00:00 runtime-worker(ThreadId(11)) [1P:data/op-syncer/src/sync_job.rs:486] synced account CKAJ5ZSUNVEYZIK4X5DPY5C2Q4 (0.236807014s)
ERROR 2026-02-26T16:02:05.281+00:00 runtime-worker(ThreadId(6)) [1P:data/op-syncer/src/system_vault.rs:29] Error creating system vault for account (CKAJ5ZSUNVEYZIK4X5DPY5C2Q4): FetchDataError(FetchError(<unknown reason>, code: HttpStatus(400), Session ID: Some(Session ID: BTWOJREQDJEEDLRKPGMM4OLV34)))
INFO  2026-02-26T16:02:05.281+00:00 runtime-worker(ThreadId(6)) [1P:data/op-syncer/src/sync_job.rs:486] synced account CKAJ5ZSUNVEYZIK4X5DPY5C2Q4 (0.102179503s)
INFO  2026-02-26T16:02:07.976+00:00 runtime-worker(ThreadId(7)) [1P:app/op-app/src/app/backend/frontend.rs:22] Front end event: window closed
INFO  2026-02-26T16:02:19.491+00:00 runtime-worker(ThreadId(81)) [1P:app/op-app/src/app/backend/quick_access.rs:186] Getting suggestions for quick access
INFO  2026-02-26T16:11:42.574+00:00 runtime-worker(ThreadId(3)) [1P:app/op-app-common/src/unlocked_session_keepalive.rs:313] Server session extension succeeded for account: CKAJ5ZSUNVEYZIK4X5DPY5C2Q4
INFO  2026-02-26T16:18:55.266+00:00 runtime-worker(ThreadId(7)) [1P:op-notification-listener/src/lib.rs:264] Delaying notifier reconnection for 1 seconds.
WARN  2026-02-26T16:18:55.266+00:00 runtime-worker(ThreadId(7)) [1P:data/ext/op-account-ext-syncer/src/lib.rs:264] The B5 Notifier for (CKAJ5ZSUNVEYZIK4X5DPY5C2Q4) has disconnected.
INFO  2026-02-26T16:18:56.645+00:00 runtime-worker(ThreadId(13)) [1P:data/ext/op-account-ext-syncer/src/lib.rs:250] The B5 Notifier for (CKAJ5ZSUNVEYZIK4X5DPY5C2Q4) has connected, now monitoring for events.
WARN  2026-02-26T16:21:43.818+00:00 runtime-worker(ThreadId(7)) [1P:app/op-app-common/src/unlocked_session_keepalive.rs:322] Server session extension failed for account: CKAJ5ZSUNVEYZIK4X5DPY5C2Q4
INFO  2026-02-26T16:22:43.882+00:00 runtime-worker(ThreadId(3)) [1P:app/op-app-common/src/unlocked_session_keepalive.rs:313] Server session extension succeeded for account: CKAJ5ZSUNVEYZIK4X5DPY5C2Q4
INFO  2026-02-26T16:30:54.648+00:00 runtime-worker(ThreadId(6)) [1P:op-notification-listener/src/lib.rs:264] Delaying notifier reconnection for 3 seconds.
WARN  2026-02-26T16:30:54.648+00:00 runtime-worker(ThreadId(6)) [1P:data/ext/op-account-ext-syncer/src/lib.rs:264] The B5 Notifier for (CKAJ5ZSUNVEYZIK4X5DPY5C2Q4) has disconnected.
INFO  2026-02-26T16:30:57.985+00:00 runtime-worker(ThreadId(7)) [1P:data/ext/op-account-ext-syncer/src/lib.rs:250] The B5 Notifier for (CKAJ5ZSUNVEYZIK4X5DPY5C2Q4) has connected, now monitoring for events.
INFO  2026-02-26T16:32:44.198+00:00 runtime-worker(ThreadId(6)) [1P:app/op-app-common/src/unlocked_session_keepalive.rs:313] Server session extension succeeded for account: CKAJ5ZSUNVEYZIK4X5DPY5C2Q4
INFO  2026-02-26T16:42:44.430+00:00 runtime-worker(ThreadId(3)) [1P:app/op-app-common/src/unlocked_session_keepalive.rs:313] Server session extension succeeded for account: CKAJ5ZSUNVEYZIK4X5DPY5C2Q4
INFO  2026-02-26T16:52:44.858+00:00 runtime-worker(ThreadId(13)) [1P:app/op-app-common/src/unlocked_session_keepalive.rs:313] Server session extension succeeded for account: CKAJ5ZSUNVEYZIK4X5DPY5C2Q4
INFO  2026-02-26T17:02:45.086+00:00 runtime-worker(ThreadId(7)) [1P:app/op-app-common/src/unlocked_session_keepalive.rs:313] Server session extension succeeded for account: CKAJ5ZSUNVEYZIK4X5DPY5C2Q4
INFO  2026-02-26T17:12:45.468+00:00 runtime-worker(ThreadId(13)) [1P:app/op-app-common/src/unlocked_session_keepalive.rs:313] Server session extension succeeded for account: CKAJ5ZSUNVEYZIK4X5DPY5C2Q4
INFO  2026-02-26T17:22:45.742+00:00 runtime-worker(ThreadId(6)) [1P:app/op-app-common/src/unlocked_session_keepalive.rs:313] Server session extension succeeded for account: CKAJ5ZSUNVEYZIK4X5DPY5C2Q4
INFO  2026-02-26T17:32:45.973+00:00 runtime-worker(ThreadId(3)) [1P:app/op-app-common/src/unlocked_session_keepalive.rs:313] Server session extension succeeded for account: CKAJ5ZSUNVEYZIK4X5DPY5C2Q4
INFO  2026-02-26T17:42:46.201+00:00 runtime-worker(ThreadId(6)) [1P:app/op-app-common/src/unlocked_session_keepalive.rs:313] Server session extension succeeded for account: CKAJ5ZSUNVEYZIK4X5DPY5C2Q4
INFO  2026-02-26T17:52:46.474+00:00 runtime-worker(ThreadId(13)) [1P:app/op-app-common/src/unlocked_session_keepalive.rs:313] Server session extension succeeded for account: CKAJ5ZSUNVEYZIK4X5DPY5C2Q4
INFO  2026-02-26T18:02:46.754+00:00 runtime-worker(ThreadId(7)) [1P:app/op-app-common/src/unlocked_session_keepalive.rs:313] Server session extension succeeded for account: CKAJ5ZSUNVEYZIK4X5DPY5C2Q4
INFO  2026-02-26T18:12:46.994+00:00 runtime-worker(ThreadId(3)) [1P:app/op-app-common/src/unlocked_session_keepalive.rs:313] Server session extension succeeded for account: CKAJ5ZSUNVEYZIK4X5DPY5C2Q4
INFO  2026-02-26T18:16:37.922+00:00 ThreadId(73) [1P:op-auto-lock/src/linux.rs:515] X screensaver event detected
WARN  2026-02-26T18:16:37.923+00:00 runtime-worker(ThreadId(6)) [1P:data/op-syncer/src/queue.rs:123] Syncer channel for versioned syncs hung up! Sync task will be shut down.
INFO  2026-02-26T18:16:37.940+00:00 runtime-worker(ThreadId(3)) [1P:app/op-app/src/app/backend/lock.rs:213] Lock state changed: Locked
INFO  2026-02-26T18:16:37.940+00:00 runtime-worker(ThreadId(3)) [1P:app/op-app/src/app/backend/lock.rs:248] Locked. Reason: Automatic(ScreenSaverActivated).
INFO  2026-02-26T18:16:37.940+00:00 runtime-worker(ThreadId(9)) [1P:app/op-app/src/app/backend/mycelium/task_management.rs:65] Received a Mycelium channel close request, ignoring request as no task is actively running
