INFO  2026-02-24T20:10:03.935+00:00 ThreadId(1) [1P:foundation/op-log/src/lib.rs:674] Removed 1 old log files
INFO  2026-02-24T20:10:03.941+00:00 ThreadId(1) [1P:op-settings/src/store/json_store.rs:75] Settings file created @ 2026-01-29 20:42:23.551573876 UTC and last modified @ 2026-01-29 20:42:33.312651107 UTC
INFO  2026-02-24T20:10:03.964+00:00 ThreadId(1) [client:typescript] Client starting.
INFO  2026-02-24T20:10:04.304+00:00 ThreadId(1) [1P:op-localization/src/lib.rs:238] system locale detected as 'en-US'
INFO  2026-02-24T20:10:04.312+00:00 ThreadId(1) [1P:op-localization/src/lib.rs:264] selected translations for EN_US based on detected locale en-US
INFO  2026-02-24T20:10:04.312+00:00 ThreadId(1) [status:app/op-app/src/app.rs:1092] App::new(1Password for Linux/81200013 (EN_US), /home/<redacted-username>/.config/1Password)
INFO  2026-02-24T20:10:04.336+00:00 1p-enable-crash-reporter(ThreadId(17)) [1P:op-b5-client/src/b5_client/features/mod.rs:381] Using feature-rollout-service for pre-registration features.
WARN  2026-02-24T20:10:04.336+00:00 1p-enable-crash-reporter(ThreadId(17)) [1P:op-b5-client/src/b5_client/features/mod.rs:440] Device UUID missing; setting headers to omit device UUID for pre-reg features request to service.
INFO  2026-02-24T20:10:04.412+00:00 ThreadId(1) [1P:data/op-db/src/common/mod.rs:186] Core DB Integrity Check Succeeded
INFO  2026-02-24T20:10:04.413+00:00 ThreadId(1) [1P:data/op-db/src/core_db/db.rs:135] Starting Core DB at version: 57
INFO  2026-02-24T20:10:04.413+00:00 ThreadId(1) [1P:data/op-db/src/common/mod.rs:155] Core DB Table Integrity Check Succeeded
INFO  2026-02-24T20:10:04.436+00:00 ThreadId(1) [1P:data/op-db/src/common/mod.rs:186] Resources DB Integrity Check Succeeded
INFO  2026-02-24T20:10:04.436+00:00 ThreadId(1) [1P:data/op-db/src/common/mod.rs:155] Resources DB Table Integrity Check Succeeded
INFO  2026-02-24T20:10:04.436+00:00 ThreadId(1) [1P:data/op-db/src/resources_db/db.rs:110] Starting Resources DB at version: 1
ERROR 2026-02-24T20:10:04.467+00:00 ThreadId(1) [1P:/mnt/ephemeral/builds/dev/core/core/ssh/op-ssh-config/src/lib.rs:251] Failed to start ssh config file watcher: Io(Os { code: 2, kind: NotFound, message: "No such file or directory" })
INFO  2026-02-24T20:10:04.470+00:00 runtime-worker(ThreadId(12)) [1P:op-b5-client/src/b5_client/features/mod.rs:381] Using feature-rollout-service for pre-registration features.
INFO  2026-02-24T20:10:04.502+00:00 ThreadId(1) [1P:native-messaging/op-nm-installer/src/nix_utils.rs:68] Created NMH manifest at /home/<redacted-username>/.config/google-chrome/NativeMessagingHosts/com.1password.1password.json
INFO  2026-02-24T20:10:04.502+00:00 ThreadId(1) [1P:native-messaging/op-nm-installer/src/nix_utils.rs:68] Created NMH manifest at /home/<redacted-username>/.config/google-chrome-beta/NativeMessagingHosts/com.1password.1password.json
INFO  2026-02-24T20:10:04.503+00:00 ThreadId(1) [1P:native-messaging/op-nm-installer/src/nix_utils.rs:68] Created NMH manifest at /home/<redacted-username>/.config/google-chrome-unstable/NativeMessagingHosts/com.1password.1password.json
INFO  2026-02-24T20:10:04.503+00:00 ThreadId(1) [1P:native-messaging/op-nm-installer/src/nix_utils.rs:68] Created NMH manifest at /home/<redacted-username>/.config/chromium/NativeMessagingHosts/com.1password.1password.json
INFO  2026-02-24T20:10:04.504+00:00 ThreadId(1) [1P:native-messaging/op-nm-installer/src/nix_utils.rs:68] Created NMH manifest at /home/<redacted-username>/.config/microsoft-edge-dev/NativeMessagingHosts/com.1password.1password.json
INFO  2026-02-24T20:10:04.504+00:00 ThreadId(1) [1P:native-messaging/op-nm-installer/src/nix_utils.rs:68] Created NMH manifest at /home/<redacted-username>/.config/BraveSoftware/Brave-Browser/NativeMessagingHosts/com.1password.1password.json
INFO  2026-02-24T20:10:04.505+00:00 ThreadId(1) [1P:native-messaging/op-nm-installer/src/nix_utils.rs:68] Created NMH manifest at /home/<redacted-username>/.config/vivaldi/NativeMessagingHosts/com.1password.1password.json
INFO  2026-02-24T20:10:04.505+00:00 ThreadId(1) [1P:native-messaging/op-nm-installer/src/nix_utils.rs:68] Created NMH manifest at /home/<redacted-username>/.config/vivaldi-snapshot/NativeMessagingHosts/com.1password.1password.json
INFO  2026-02-24T20:10:04.506+00:00 ThreadId(1) [1P:native-messaging/op-nm-installer/src/nix_utils.rs:68] Created NMH manifest at /home/<redacted-username>/.mozilla/native-messaging-hosts/com.1password.1password.json
INFO  2026-02-24T20:10:04.506+00:00 ThreadId(1) [1P:native-messaging/op-nm-installer/src/nix_utils.rs:83] Successfully installed all native messaging manifests.
INFO  2026-02-24T20:10:04.510+00:00 runtime-worker(ThreadId(8)) [1P:native-messaging/op-nm-installer/src/nix_utils.rs:68] Created NMH manifest at /home/<redacted-username>/.config/google-chrome/NativeMessagingHosts/com.1password.1password.json
INFO  2026-02-24T20:10:04.510+00:00 runtime-worker(ThreadId(8)) [1P:native-messaging/op-nm-installer/src/nix_utils.rs:68] Created NMH manifest at /home/<redacted-username>/.config/google-chrome-beta/NativeMessagingHosts/com.1password.1password.json
INFO  2026-02-24T20:10:04.510+00:00 runtime-worker(ThreadId(8)) [1P:native-messaging/op-nm-installer/src/nix_utils.rs:68] Created NMH manifest at /home/<redacted-username>/.config/google-chrome-unstable/NativeMessagingHosts/com.1password.1password.json
INFO  2026-02-24T20:10:04.510+00:00 runtime-worker(ThreadId(8)) [1P:native-messaging/op-nm-installer/src/nix_utils.rs:68] Created NMH manifest at /home/<redacted-username>/.config/chromium/NativeMessagingHosts/com.1password.1password.json
INFO  2026-02-24T20:10:04.513+00:00 runtime-worker(ThreadId(8)) [1P:native-messaging/op-nm-installer/src/nix_utils.rs:68] Created NMH manifest at /home/<redacted-username>/.config/microsoft-edge-dev/NativeMessagingHosts/com.1password.1password.json
INFO  2026-02-24T20:10:04.513+00:00 runtime-worker(ThreadId(8)) [1P:native-messaging/op-nm-installer/src/nix_utils.rs:68] Created NMH manifest at /home/<redacted-username>/.config/BraveSoftware/Brave-Browser/NativeMessagingHosts/com.1password.1password.json
INFO  2026-02-24T20:10:04.513+00:00 runtime-worker(ThreadId(8)) [1P:native-messaging/op-nm-installer/src/nix_utils.rs:68] Created NMH manifest at /home/<redacted-username>/.config/vivaldi/NativeMessagingHosts/com.1password.1password.json
INFO  2026-02-24T20:10:04.513+00:00 runtime-worker(ThreadId(8)) [1P:native-messaging/op-nm-installer/src/nix_utils.rs:68] Created NMH manifest at /home/<redacted-username>/.config/vivaldi-snapshot/NativeMessagingHosts/com.1password.1password.json
INFO  2026-02-24T20:10:04.513+00:00 runtime-worker(ThreadId(8)) [1P:native-messaging/op-nm-installer/src/nix_utils.rs:68] Created NMH manifest at /home/<redacted-username>/.mozilla/native-messaging-hosts/com.1password.1password.json
INFO  2026-02-24T20:10:04.513+00:00 runtime-worker(ThreadId(8)) [1P:native-messaging/op-nm-installer/src/nix_utils.rs:83] Successfully installed all native messaging manifests.
INFO  2026-02-24T20:10:04.514+00:00 ThreadId(1) [1P:app/op-app/src/app.rs:1747] initializing Developer Environment mount handler
INFO  2026-02-24T20:10:04.530+00:00 runtime-worker(ThreadId(4)) [1P:app/op-app-common/src/unlocked_session_keepalive.rs:70] Starting unlocked session keepalive
ERROR 2026-02-24T20:10:04.576+00:00 runtime-worker(ThreadId(11)) [1P:native-messaging/op-native-core-integration/src/lib.rs:762] Listener on SETTING_STATUS has been dropped, unable to communicate changes made to browser SLS setting
ERROR 2026-02-24T20:10:04.576+00:00 ThreadId(1) [1P:ffi/op-core-node/src/lib.rs:559] Io(Os { code: 2, kind: NotFound, message: "No such file or directory" })
INFO  2026-02-24T20:10:04.576+00:00 runtime-worker(ThreadId(13)) [1P:native-messaging/op-native-core-integration/src/lib.rs:568] Starting IPC listener on 1Password-BrowserSupport
INFO  2026-02-24T20:10:04.576+00:00 runtime-worker(ThreadId(13)) [1P:native-messaging/op-native-core-integration/src/lib.rs:580] Active native core integration is awaiting messages
INFO  2026-02-24T20:10:04.647+00:00 runtime-worker(ThreadId(14)) [1P:ssh/op-agent-controller/src/lib.rs:584] Starting filesystem watcher for SSH agent configuration directories...
ERROR 2026-02-24T20:10:04.650+00:00 runtime-worker(ThreadId(14)) [1P:/mnt/ephemeral/builds/dev/core/core/ssh/op-agent-controller/src/lib.rs:585] Io(Os { code: 2, kind: NotFound, message: "No such file or directory" })
INFO  2026-02-24T20:10:04.673+00:00 1p-enable-crash-reporter(ThreadId(17)) [1P:op-crash-reporting/src/crash_handler.rs:276] Started crash handler thread
INFO  2026-02-24T20:10:05.367+00:00 runtime-worker(ThreadId(4)) [1P:app/op-app/src/app/backend/lock_screen.rs:107] System unlock is enabled: true
INFO  2026-02-24T20:10:05.374+00:00 runtime-worker(ThreadId(14)) [1P:app/op-app/src/app/backend/lock_screen.rs:135] Sys auth status NotSetup
INFO  2026-02-24T20:10:09.088+00:00 runtime-worker(ThreadId(9)) [1P:app/op-app/src/app/backend/lock_screen.rs:107] System unlock is enabled: true
INFO  2026-02-24T20:10:09.210+00:00 runtime-worker(ThreadId(4)) [1P:/mnt/ephemeral/builds/dev/core/core/data/ext/op-account-ext-settings-authentication/src/lib.rs:241] loaded settings authentication key: 77d2ea594ea000ce
INFO  2026-02-24T20:10:09.212+00:00 runtime-worker(ThreadId(11)) [1P:data/ext/op-account-ext-search-weights/src/weights.rs:112] Search weights loaded for account with 3 entries (total bytes: 527)
INFO  2026-02-24T20:10:09.219+00:00 runtime-worker(ThreadId(11)) [1P:data/ext/op-account-ext-items/src/lib.rs:316] loaded 435 items in 7 vaults for account: CKAJ5ZSUNVEYZIK4X5DPY5C2Q4
INFO  2026-02-24T20:10:09.226+00:00 runtime-worker(ThreadId(8)) [1P:op-telemetry/src/middleware/opt_state.rs:122] op-telemetry: account uuid 'CKAJ5ZSUNVEYZIK4X5DPY5C2Q4' changed telemetry state to Decided(In)
INFO  2026-02-24T20:10:09.226+00:00 runtime-worker(ThreadId(14)) [1P:op-settings/src/store/policies.rs:150] Notifying settings changed due to b5 policies.
INFO  2026-02-24T20:10:09.236+00:00 runtime-worker(ThreadId(11)) [1P:data/ext/op-account-ext-settings-authentication/src/lib.rs:322] exactly one existing key found (77d2ea594ea000ce). Applying it to any new accounts
INFO  2026-02-24T20:10:09.236+00:00 runtime-worker(ThreadId(11)) [1P:op-settings/src/store/json_store.rs:787] initializing settings authentication with key 77d2ea594ea000ce
INFO  2026-02-24T20:10:09.237+00:00 runtime-worker(ThreadId(7)) [1P:app/op-app/src/app/backend/unlock.rs:196] Lock state changed: Unlocked
INFO  2026-02-24T20:10:09.237+00:00 runtime-worker(ThreadId(5)) [1P:app/op-app/src/app/backend/unlock.rs:264] Processing unlocked account CKAJ5ZSUNVEYZIK4X5DPY5C2Q4
ERROR 2026-02-24T20:10:09.286+00:00 runtime-worker(ThreadId(5)) [1P:/mnt/ephemeral/builds/dev/core/core/ui/op-profile-model/src/lib.rs:125] PersonNotFound
INFO  2026-02-24T20:10:09.367+00:00 runtime-worker(ThreadId(10)) [1P:data/op-account-system-unlock/src/lib.rs:792] Adding system unlock key. Verifying keysets can be decrypted.
INFO  2026-02-24T20:10:09.368+00:00 runtime-worker(ThreadId(10)) [1P:data/op-account-system-unlock/src/lib.rs:798] Adding system unlock key. Encrypting muk.
INFO  2026-02-24T20:10:09.370+00:00 ThreadId(19) [1P:data/op-account-system-unlock/src/lib.rs:804] Adding system unlock key. Updating account.
INFO  2026-02-24T20:10:09.495+00:00 runtime-worker(ThreadId(21)) [1P:app/op-app/src/app/backend/quick_access.rs:186] Getting suggestions for quick access
INFO  2026-02-24T20:10:09.495+00:00 runtime-worker(ThreadId(16)) [1P:app/op-app/src/app/backend/quick_access.rs:186] Getting suggestions for quick access
INFO  2026-02-24T20:10:09.895+00:00 runtime-worker(ThreadId(5)) [1P:op-b5-client/src/internal/unauthorized_session/auth_flow.rs:1043] Skipping MFA because server did not return MFA config
INFO  2026-02-24T20:10:09.980+00:00 runtime-worker(ThreadId(14)) [1P:op-b5-client/src/b5_client/features/mod.rs:171] Using feature-rollout-service for account features.
INFO  2026-02-24T20:10:10.068+00:00 runtime-worker(ThreadId(5)) [1P:op-b5-client/src/b5_client/features/mod.rs:381] Using feature-rollout-service for pre-registration features.
ERROR 2026-02-24T20:10:10.115+00:00 runtime-worker(ThreadId(14)) [1P:data/op-syncer/src/system_vault.rs:29] Error creating system vault for account (CKAJ5ZSUNVEYZIK4X5DPY5C2Q4): FetchDataError(FetchError(<unknown reason>, code: HttpStatus(400), Session ID: Some(Session ID: 4VDOW26M4JBJDPDVX52CGTWFUE)))
INFO  2026-02-24T20:10:10.115+00:00 runtime-worker(ThreadId(14)) [1P:data/op-syncer/src/sync_job.rs:486] synced account CKAJ5ZSUNVEYZIK4X5DPY5C2Q4 (0.099630409s)
INFO  2026-02-24T20:10:10.116+00:00 runtime-worker(ThreadId(5)) [1P:op-file-transfer/src/lib.rs:732] find_and_complete_pending_uploads: 'CKAJ5ZSUNVEYZIK4X5DPY5C2Q4'
ERROR 2026-02-24T20:10:10.117+00:00 runtime-worker(ThreadId(10)) [1P:/mnt/ephemeral/builds/dev/core/core/ui/op-profile-model/src/lib.rs:125] PersonNotFound
INFO  2026-02-24T20:10:10.126+00:00 runtime-worker(ThreadId(34)) [1P:app/op-app/src/app/backend/quick_access.rs:186] Getting suggestions for quick access
INFO  2026-02-24T20:10:10.168+00:00 runtime-worker(ThreadId(14)) [1P:data/ext/op-account-ext-syncer/src/lib.rs:250] The B5 Notifier for (CKAJ5ZSUNVEYZIK4X5DPY5C2Q4) has connected, now monitoring for events.
INFO  2026-02-24T20:10:40.198+00:00 runtime-worker(ThreadId(9)) [1P:app/op-app/src/app/backend/frontend.rs:22] Front end event: window closed
INFO  2026-02-24T20:19:16.215+00:00 runtime-worker(ThreadId(10)) [1P:op-notification-listener/src/lib.rs:264] Delaying notifier reconnection for 27 seconds.
WARN  2026-02-24T20:19:16.215+00:00 runtime-worker(ThreadId(10)) [1P:data/ext/op-account-ext-syncer/src/lib.rs:264] The B5 Notifier for (CKAJ5ZSUNVEYZIK4X5DPY5C2Q4) has disconnected.
INFO  2026-02-24T20:19:43.683+00:00 runtime-worker(ThreadId(9)) [1P:data/ext/op-account-ext-syncer/src/lib.rs:250] The B5 Notifier for (CKAJ5ZSUNVEYZIK4X5DPY5C2Q4) has connected, now monitoring for events.
INFO  2026-02-24T20:20:09.534+00:00 runtime-worker(ThreadId(14)) [1P:app/op-app-common/src/unlocked_session_keepalive.rs:313] Server session extension succeeded for account: CKAJ5ZSUNVEYZIK4X5DPY5C2Q4
INFO  2026-02-24T20:30:09.864+00:00 runtime-worker(ThreadId(5)) [1P:app/op-app-common/src/unlocked_session_keepalive.rs:313] Server session extension succeeded for account: CKAJ5ZSUNVEYZIK4X5DPY5C2Q4
INFO  2026-02-24T20:40:10.243+00:00 runtime-worker(ThreadId(10)) [1P:app/op-app-common/src/unlocked_session_keepalive.rs:313] Server session extension succeeded for account: CKAJ5ZSUNVEYZIK4X5DPY5C2Q4
INFO  2026-02-24T20:50:10.568+00:00 runtime-worker(ThreadId(9)) [1P:app/op-app-common/src/unlocked_session_keepalive.rs:313] Server session extension succeeded for account: CKAJ5ZSUNVEYZIK4X5DPY5C2Q4
INFO  2026-02-24T21:00:11.030+00:00 runtime-worker(ThreadId(14)) [1P:app/op-app-common/src/unlocked_session_keepalive.rs:313] Server session extension succeeded for account: CKAJ5ZSUNVEYZIK4X5DPY5C2Q4
INFO  2026-02-24T21:10:11.340+00:00 runtime-worker(ThreadId(9)) [1P:app/op-app-common/src/unlocked_session_keepalive.rs:313] Server session extension succeeded for account: CKAJ5ZSUNVEYZIK4X5DPY5C2Q4
INFO  2026-02-24T21:20:11.674+00:00 runtime-worker(ThreadId(5)) [1P:app/op-app-common/src/unlocked_session_keepalive.rs:313] Server session extension succeeded for account: CKAJ5ZSUNVEYZIK4X5DPY5C2Q4
INFO  2026-02-24T21:30:11.982+00:00 runtime-worker(ThreadId(14)) [1P:app/op-app-common/src/unlocked_session_keepalive.rs:313] Server session extension succeeded for account: CKAJ5ZSUNVEYZIK4X5DPY5C2Q4
INFO  2026-02-24T21:38:59.461+00:00 ThreadId(73) [1P:op-auto-lock/src/linux.rs:515] X screensaver event detected
WARN  2026-02-24T21:38:59.462+00:00 runtime-worker(ThreadId(10)) [1P:data/op-syncer/src/queue.rs:123] Syncer channel for versioned syncs hung up! Sync task will be shut down.
INFO  2026-02-24T21:38:59.463+00:00 runtime-worker(ThreadId(14)) [1P:app/op-app/src/app/backend/lock.rs:213] Lock state changed: Locked
INFO  2026-02-24T21:38:59.463+00:00 runtime-worker(ThreadId(14)) [1P:app/op-app/src/app/backend/lock.rs:248] Locked. Reason: Automatic(ScreenSaverActivated).
INFO  2026-02-24T21:38:59.463+00:00 runtime-worker(ThreadId(6)) [1P:app/op-app/src/app/backend/mycelium/task_management.rs:65] Received a Mycelium channel close request, ignoring request as no task is actively running
INFO  2026-02-25T15:12:00.270+00:00 runtime-worker(ThreadId(88)) [1P:foundation/op-system-auth/src/lib.rs:344] Biometry is available for 1 or more accounts
WARN  2026-02-25T15:12:01.495+00:00 runtime-worker(ThreadId(6)) [1P:data/op-data-cache/src/unlock.rs:105] System unlock failed: SystemAuthError(FailedSystemAuthenticationChallenge)
INFO  2026-02-25T15:12:02.506+00:00 runtime-worker(ThreadId(88)) [1P:foundation/op-system-auth/src/lib.rs:344] Biometry is available for 1 or more accounts
INFO  2026-02-25T15:12:02.709+00:00 runtime-worker(ThreadId(88)) [1P:foundation/op-system-auth/src/lib.rs:344] Biometry is available for 1 or more accounts
WARN  2026-02-25T15:12:02.721+00:00 runtime-worker(ThreadId(14)) [1P:data/op-data-cache/src/unlock.rs:105] System unlock failed: SystemAuthError(FailedSystemAuthenticationChallenge)
INFO  2026-02-25T15:12:02.721+00:00 runtime-worker(ThreadId(88)) [1P:foundation/op-system-auth/src/lib.rs:344] Biometry is available for 1 or more accounts
INFO  2026-02-25T15:12:05.589+00:00 ThreadId(1) [client:typescript] Silent Unlock failed or was cancelled while opening Quick Access
INFO  2026-02-25T15:12:12.495+00:00 runtime-worker(ThreadId(88)) [1P:foundation/op-system-auth/src/lib.rs:344] Biometry is available for 1 or more accounts
WARN  2026-02-25T15:12:12.506+00:00 runtime-worker(ThreadId(10)) [1P:data/op-data-cache/src/unlock.rs:105] System unlock failed: SystemAuthError(FailedSystemAuthenticationChallenge)
INFO  2026-02-25T15:12:12.507+00:00 runtime-worker(ThreadId(88)) [1P:foundation/op-system-auth/src/lib.rs:344] Biometry is available for 1 or more accounts
INFO  2026-02-25T15:12:12.507+00:00 ThreadId(1) [client:typescript] Silent Unlock failed or was cancelled while opening Quick Access
INFO  2026-02-25T15:12:14.482+00:00 runtime-worker(ThreadId(88)) [1P:foundation/op-system-auth/src/lib.rs:344] Biometry is available for 1 or more accounts
WARN  2026-02-25T15:12:14.669+00:00 runtime-worker(ThreadId(6)) [1P:data/op-data-cache/src/unlock.rs:105] System unlock failed: SystemAuthError(FailedSystemAuthenticationChallenge)
INFO  2026-02-25T15:12:14.670+00:00 runtime-worker(ThreadId(88)) [1P:foundation/op-system-auth/src/lib.rs:344] Biometry is available for 1 or more accounts
INFO  2026-02-25T15:12:14.670+00:00 ThreadId(1) [client:typescript] Silent Unlock failed or was cancelled while opening Quick Access
INFO  2026-02-25T15:12:23.919+00:00 runtime-worker(ThreadId(5)) [1P:app/op-app/src/app/backend/lock_screen.rs:107] System unlock is enabled: true
WARN  2026-02-25T15:12:23.974+00:00 runtime-worker(ThreadId(5)) [1P:app/op-app/src/app/backend.rs:376] operation blocking event loop invoke Invocation(External(LockScreen(Initialize { single_account_id: <Option < AccountUuid >> }))) took more than 50 ms (68 ms)
INFO  2026-02-25T15:12:24.069+00:00 runtime-worker(ThreadId(88)) [1P:foundation/op-system-auth/src/lib.rs:344] Biometry is available for 1 or more accounts
INFO  2026-02-25T15:12:24.090+00:00 runtime-worker(ThreadId(10)) [1P:app/op-app/src/app/backend/lock_screen.rs:135] Sys auth status Ready
INFO  2026-02-25T15:12:24.278+00:00 runtime-worker(ThreadId(10)) [1P:app/op-app/src/app/backend/lock_screen.rs:107] System unlock is enabled: true
INFO  2026-02-25T15:12:24.311+00:00 runtime-worker(ThreadId(88)) [1P:foundation/op-system-auth/src/lib.rs:344] Biometry is available for 1 or more accounts
WARN  2026-02-25T15:12:24.321+00:00 runtime-worker(ThreadId(5)) [1P:data/op-data-cache/src/unlock.rs:105] System unlock failed: SystemAuthError(FailedSystemAuthenticationChallenge)
INFO  2026-02-25T15:12:29.295+00:00 runtime-worker(ThreadId(5)) [1P:app/op-app/src/app/backend/lock_screen.rs:107] System unlock is enabled: true
INFO  2026-02-25T15:12:29.333+00:00 runtime-worker(ThreadId(88)) [1P:foundation/op-system-auth/src/lib.rs:344] Biometry is available for 1 or more accounts
WARN  2026-02-25T15:12:29.543+00:00 ThreadId(19) [1P:data/op-db-queue/src/operations.rs:1264] operation transaction #tx#133(get_accounts_by_uuid) took more than 100 ms (105 ms)
WARN  2026-02-25T15:12:30.039+00:00 ThreadId(19) [1P:data/op-db-queue/src/operations.rs:1264] operation transaction #tx#134(get_account_vaults_and_keysets) took more than 100 ms (474 ms)
WARN  2026-02-25T15:12:30.797+00:00 ThreadId(19) [1P:data/op-db-queue/src/operations.rs:1264] operation transaction #tx#135(objects_mut) took more than 100 ms (305 ms)
INFO  2026-02-25T15:12:31.028+00:00 runtime-worker(ThreadId(6)) [1P:/mnt/ephemeral/builds/dev/core/core/data/ext/op-account-ext-settings-authentication/src/lib.rs:241] loaded settings authentication key: 77d2ea594ea000ce
WARN  2026-02-25T15:12:31.231+00:00 ThreadId(19) [1P:data/op-db-queue/src/operations.rs:1264] operation transaction #tx#139(get_vault_items) took more than 100 ms (192 ms)
INFO  2026-02-25T15:12:31.232+00:00 runtime-worker(ThreadId(5)) [1P:data/ext/op-account-ext-search-weights/src/weights.rs:112] Search weights loaded for account with 3 entries (total bytes: 527)
INFO  2026-02-25T15:12:31.346+00:00 runtime-worker(ThreadId(5)) [1P:data/ext/op-account-ext-items/src/lib.rs:316] loaded 435 items in 7 vaults for account: CKAJ5ZSUNVEYZIK4X5DPY5C2Q4
WARN  2026-02-25T15:12:32.022+00:00 ThreadId(19) [1P:data/op-db-queue/src/operations.rs:1264] operation transaction #tx#145(objects_mut) took more than 100 ms (356 ms)
WARN  2026-02-25T15:12:33.239+00:00 ThreadId(19) [1P:data/op-db-queue/src/operations.rs:1264] operation transaction #tx#146(objects_mut) took more than 100 ms (1115 ms)
INFO  2026-02-25T15:12:33.251+00:00 runtime-worker(ThreadId(14)) [1P:op-settings/src/store/policies.rs:150] Notifying settings changed due to b5 policies.
INFO  2026-02-25T15:12:33.298+00:00 runtime-worker(ThreadId(5)) [1P:data/ext/op-account-ext-settings-authentication/src/lib.rs:322] exactly one existing key found (77d2ea594ea000ce). Applying it to any new accounts
INFO  2026-02-25T15:12:33.298+00:00 runtime-worker(ThreadId(5)) [1P:op-settings/src/store/json_store.rs:787] initializing settings authentication with key 77d2ea594ea000ce
INFO  2026-02-25T15:12:33.314+00:00 ThreadId(1) [client:typescript] Settings file changed.
INFO  2026-02-25T15:12:33.319+00:00 runtime-worker(ThreadId(13)) [1P:app/op-app/src/app/backend/unlock.rs:196] Lock state changed: Unlocked
INFO  2026-02-25T15:12:33.511+00:00 runtime-worker(ThreadId(11)) [1P:app/op-app/src/app/backend/unlock.rs:264] Processing unlocked account CKAJ5ZSUNVEYZIK4X5DPY5C2Q4
INFO  2026-02-25T15:12:33.860+00:00 runtime-worker(ThreadId(88)) [1P:app/op-app/src/app/backend/quick_access.rs:186] Getting suggestions for quick access
INFO  2026-02-25T15:12:34.086+00:00 runtime-worker(ThreadId(89)) [1P:app/op-app/src/app/backend/quick_access.rs:186] Getting suggestions for quick access
WARN  2026-02-25T15:12:34.127+00:00 ThreadId(19) [1P:data/op-db-queue/src/operations.rs:1214] operation transaction #tx#160(persist_ui_navigation_state) took more than 100 ms (440 ms)
INFO  2026-02-25T15:12:34.239+00:00 runtime-worker(ThreadId(5)) [1P:op-b5-client/src/internal/unauthorized_session/auth_flow.rs:1043] Skipping MFA because server did not return MFA config
INFO  2026-02-25T15:12:34.406+00:00 runtime-worker(ThreadId(7)) [1P:op-b5-client/src/b5_client/features/mod.rs:171] Using feature-rollout-service for account features.
INFO  2026-02-25T15:12:34.488+00:00 runtime-worker(ThreadId(5)) [1P:op-b5-client/src/b5_client/features/mod.rs:381] Using feature-rollout-service for pre-registration features.
INFO  2026-02-25T15:12:34.710+00:00 runtime-worker(ThreadId(11)) [1P:data/ext/op-account-ext-syncer/src/lib.rs:250] The B5 Notifier for (CKAJ5ZSUNVEYZIK4X5DPY5C2Q4) has connected, now monitoring for events.
WARN  2026-02-25T15:12:34.754+00:00 ThreadId(19) [1P:data/op-db-queue/src/operations.rs:1214] operation transaction #tx#164(get_items_to_push) took more than 100 ms (262 ms)
ERROR 2026-02-25T15:12:34.887+00:00 runtime-worker(ThreadId(8)) [1P:data/op-syncer/src/system_vault.rs:29] Error creating system vault for account (CKAJ5ZSUNVEYZIK4X5DPY5C2Q4): FetchDataError(FetchError(<unknown reason>, code: HttpStatus(400), Session ID: Some(Session ID: ZKVNJAMVS5ACJFNZ7FWTZ5F4XI)))
INFO  2026-02-25T15:12:34.933+00:00 runtime-worker(ThreadId(7)) [1P:data/op-syncer/src/sync_job.rs:486] synced account CKAJ5ZSUNVEYZIK4X5DPY5C2Q4 (0.447852045s)
WARN  2026-02-25T15:12:35.128+00:00 ThreadId(19) [1P:data/op-db-queue/src/operations.rs:1264] operation transaction #tx#179(objects_mut) took more than 100 ms (194 ms)
INFO  2026-02-25T15:12:35.133+00:00 runtime-worker(ThreadId(8)) [1P:op-file-transfer/src/lib.rs:732] find_and_complete_pending_uploads: 'CKAJ5ZSUNVEYZIK4X5DPY5C2Q4'
WARN  2026-02-25T15:12:35.318+00:00 ThreadId(19) [1P:data/op-db-queue/src/operations.rs:1264] operation transaction #tx#181(objects_mut) took more than 100 ms (189 ms)
INFO  2026-02-25T15:12:35.606+00:00 runtime-worker(ThreadId(89)) [1P:app/op-app/src/app/backend/quick_access.rs:186] Getting suggestions for quick access
WARN  2026-02-25T15:12:35.659+00:00 ThreadId(19) [1P:data/op-db-queue/src/operations.rs:1264] operation transaction #tx#184(objects_mut) took more than 100 ms (166 ms)
WARN  2026-02-25T15:12:35.988+00:00 ThreadId(19) [1P:data/op-db-queue/src/operations.rs:1264] operation transaction #tx#186(objects_mut) took more than 100 ms (240 ms)
WARN  2026-02-25T15:12:36.101+00:00 ThreadId(19) [1P:data/op-db-queue/src/operations.rs:1264] operation transaction #tx#187(objects_mut) took more than 100 ms (112 ms)
WARN  2026-02-25T15:12:36.468+00:00 ThreadId(19) [1P:data/op-db-queue/src/operations.rs:1264] operation transaction #tx#188(objects_mut) took more than 100 ms (366 ms)
WARN  2026-02-25T15:12:37.161+00:00 ThreadId(19) [1P:data/op-db-queue/src/operations.rs:1264] operation transaction #tx#189(objects_mut) took more than 100 ms (693 ms)
WARN  2026-02-25T15:12:37.385+00:00 ThreadId(19) [1P:data/op-db-queue/src/operations.rs:1264] operation transaction #tx#190(objects_mut) took more than 100 ms (205 ms)
WARN  2026-02-25T15:12:37.496+00:00 ThreadId(19) [1P:data/op-db-queue/src/operations.rs:1264] operation transaction #tx#191(objects_mut) took more than 100 ms (111 ms)
WARN  2026-02-25T15:12:37.775+00:00 ThreadId(19) [1P:data/op-db-queue/src/operations.rs:1264] operation transaction #tx#192(objects_mut) took more than 100 ms (272 ms)
WARN  2026-02-25T15:12:37.928+00:00 ThreadId(19) [1P:data/op-db-queue/src/operations.rs:1264] operation transaction #tx#193(objects_mut) took more than 100 ms (152 ms)
WARN  2026-02-25T15:12:38.044+00:00 ThreadId(19) [1P:data/op-db-queue/src/operations.rs:1264] operation transaction #tx#194(objects_mut) took more than 100 ms (116 ms)
WARN  2026-02-25T15:12:38.177+00:00 ThreadId(19) [1P:data/op-db-queue/src/operations.rs:1264] operation transaction #tx#195(objects_mut) took more than 100 ms (117 ms)
WARN  2026-02-25T15:12:38.507+00:00 ThreadId(19) [1P:data/op-db-queue/src/operations.rs:1264] operation transaction #tx#196(objects_mut) took more than 100 ms (329 ms)
WARN  2026-02-25T15:12:38.655+00:00 ThreadId(19) [1P:data/op-db-queue/src/operations.rs:1264] operation transaction #tx#197(objects_mut) took more than 100 ms (147 ms)
WARN  2026-02-25T15:12:38.865+00:00 ThreadId(19) [1P:data/op-db-queue/src/operations.rs:1264] operation transaction #tx#198(objects_mut) took more than 100 ms (210 ms)
WARN  2026-02-25T15:12:39.070+00:00 ThreadId(19) [1P:data/op-db-queue/src/operations.rs:1264] operation transaction #tx#199(objects_mut) took more than 100 ms (204 ms)
WARN  2026-02-25T15:12:39.220+00:00 ThreadId(19) [1P:data/op-db-queue/src/operations.rs:1264] operation transaction #tx#200(objects_mut) took more than 100 ms (150 ms)
WARN  2026-02-25T15:12:39.512+00:00 ThreadId(19) [1P:data/op-db-queue/src/operations.rs:1264] operation transaction #tx#202(objects_mut) took more than 100 ms (227 ms)
WARN  2026-02-25T15:12:40.183+00:00 ThreadId(19) [1P:data/op-db-queue/src/operations.rs:1264] operation transaction #tx#203(objects_mut) took more than 100 ms (670 ms)
WARN  2026-02-25T15:12:40.335+00:00 ThreadId(19) [1P:data/op-db-queue/src/operations.rs:1264] operation transaction #tx#204(objects_mut) took more than 100 ms (151 ms)
WARN  2026-02-25T15:12:40.506+00:00 ThreadId(19) [1P:data/op-db-queue/src/operations.rs:1264] operation transaction #tx#205(objects_mut) took more than 100 ms (171 ms)
WARN  2026-02-25T15:12:40.736+00:00 ThreadId(19) [1P:data/op-db-queue/src/operations.rs:1264] operation transaction #tx#206(objects_mut) took more than 100 ms (229 ms)
WARN  2026-02-25T15:12:40.945+00:00 ThreadId(19) [1P:data/op-db-queue/src/operations.rs:1264] operation transaction #tx#207(objects_mut) took more than 100 ms (208 ms)
WARN  2026-02-25T15:12:41.308+00:00 ThreadId(19) [1P:data/op-db-queue/src/operations.rs:1264] operation transaction #tx#208(objects_mut) took more than 100 ms (362 ms)
WARN  2026-02-25T15:12:41.551+00:00 ThreadId(19) [1P:data/op-db-queue/src/operations.rs:1264] operation transaction #tx#209(objects_mut) took more than 100 ms (242 ms)
WARN  2026-02-25T15:12:41.820+00:00 ThreadId(19) [1P:data/op-db-queue/src/operations.rs:1264] operation transaction #tx#210(objects_mut) took more than 100 ms (269 ms)
WARN  2026-02-25T15:12:41.946+00:00 ThreadId(19) [1P:data/op-db-queue/src/operations.rs:1264] operation transaction #tx#211(objects_mut) took more than 100 ms (125 ms)
WARN  2026-02-25T15:12:42.176+00:00 ThreadId(19) [1P:data/op-db-queue/src/operations.rs:1264] operation transaction #tx#212(objects_mut) took more than 100 ms (230 ms)
WARN  2026-02-25T15:12:42.409+00:00 ThreadId(19) [1P:data/op-db-queue/src/operations.rs:1264] operation transaction #tx#213(objects_mut) took more than 100 ms (232 ms)
WARN  2026-02-25T15:12:42.766+00:00 ThreadId(19) [1P:data/op-db-queue/src/operations.rs:1264] operation transaction #tx#214(objects_mut) took more than 100 ms (356 ms)
WARN  2026-02-25T15:12:43.178+00:00 ThreadId(19) [1P:data/op-db-queue/src/operations.rs:1264] operation transaction #tx#215(objects_mut) took more than 100 ms (369 ms)
WARN  2026-02-25T15:12:43.544+00:00 ThreadId(19) [1P:data/op-db-queue/src/operations.rs:1264] operation transaction #tx#216(objects_mut) took more than 100 ms (365 ms)
WARN  2026-02-25T15:12:43.731+00:00 ThreadId(19) [1P:data/op-db-queue/src/operations.rs:1264] operation transaction #tx#217(objects_mut) took more than 100 ms (154 ms)
WARN  2026-02-25T15:12:43.968+00:00 ThreadId(19) [1P:data/op-db-queue/src/operations.rs:1264] operation transaction #tx#218(objects_mut) took more than 100 ms (237 ms)
WARN  2026-02-25T15:12:44.115+00:00 ThreadId(19) [1P:data/op-db-queue/src/operations.rs:1264] operation transaction #tx#219(objects_mut) took more than 100 ms (147 ms)
WARN  2026-02-25T15:12:44.360+00:00 ThreadId(19) [1P:data/op-db-queue/src/operations.rs:1264] operation transaction #tx#220(objects_mut) took more than 100 ms (244 ms)
WARN  2026-02-25T15:12:44.575+00:00 ThreadId(19) [1P:data/op-db-queue/src/operations.rs:1264] operation transaction #tx#221(objects_mut) took more than 100 ms (215 ms)
WARN  2026-02-25T15:12:44.725+00:00 ThreadId(19) [1P:data/op-db-queue/src/operations.rs:1264] operation transaction #tx#222(objects_mut) took more than 100 ms (149 ms)
WARN  2026-02-25T15:12:44.924+00:00 ThreadId(19) [1P:data/op-db-queue/src/operations.rs:1264] operation transaction #tx#223(objects_mut) took more than 100 ms (198 ms)
WARN  2026-02-25T15:12:45.180+00:00 ThreadId(19) [1P:data/op-db-queue/src/operations.rs:1264] operation transaction #tx#224(objects_mut) took more than 100 ms (256 ms)
WARN  2026-02-25T15:12:45.373+00:00 ThreadId(19) [1P:data/op-db-queue/src/operations.rs:1264] operation transaction #tx#225(objects_mut) took more than 100 ms (192 ms)
WARN  2026-02-25T15:12:46.121+00:00 ThreadId(19) [1P:data/op-db-queue/src/operations.rs:1264] operation transaction #tx#226(objects_mut) took more than 100 ms (643 ms)
WARN  2026-02-25T15:12:46.310+00:00 ThreadId(19) [1P:data/op-db-queue/src/operations.rs:1264] operation transaction #tx#227(objects_mut) took more than 100 ms (105 ms)
WARN  2026-02-25T15:12:46.424+00:00 ThreadId(19) [1P:data/op-db-queue/src/operations.rs:1264] operation transaction #tx#228(objects_mut) took more than 100 ms (114 ms)
WARN  2026-02-25T15:12:46.827+00:00 ThreadId(19) [1P:data/op-db-queue/src/operations.rs:1214] operation transaction #tx#232(unassociated_objects_mut) took more than 100 ms (126 ms)
WARN  2026-02-25T15:12:47.217+00:00 ThreadId(19) [1P:data/op-db-queue/src/operations.rs:1214] operation transaction #tx#233(unassociated_objects_mut) took more than 100 ms (389 ms)
WARN  2026-02-25T15:12:47.588+00:00 ThreadId(19) [1P:data/op-db-queue/src/operations.rs:1214] operation transaction #tx#235(unassociated_objects_mut) took more than 100 ms (291 ms)
WARN  2026-02-25T15:12:51.095+00:00 ThreadId(19) [1P:data/op-db-queue/src/operations.rs:1307] operation transaction #tx#59(partial_resource_by_bucket) took more than 100 ms (108 ms)
WARN  2026-02-25T15:12:51.517+00:00 ThreadId(19) [1P:data/op-db-queue/src/operations.rs:1307] operation transaction #tx#77(set_resource) took more than 100 ms (284 ms)
WARN  2026-02-25T15:12:52.005+00:00 ThreadId(19) [1P:data/op-db-queue/src/operations.rs:1307] operation transaction #tx#78(set_resource) took more than 100 ms (487 ms)
WARN  2026-02-25T15:12:52.288+00:00 ThreadId(19) [1P:data/op-db-queue/src/operations.rs:1307] operation transaction #tx#82(set_resource) took more than 100 ms (278 ms)
WARN  2026-02-25T15:12:52.963+00:00 ThreadId(19) [1P:data/op-db-queue/src/operations.rs:1307] operation transaction #tx#83(set_resource) took more than 100 ms (674 ms)
WARN  2026-02-25T15:12:53.241+00:00 ThreadId(19) [1P:data/op-db-queue/src/operations.rs:1307] operation transaction #tx#84(set_resource) took more than 100 ms (278 ms)
WARN  2026-02-25T15:12:53.713+00:00 ThreadId(19) [1P:data/op-db-queue/src/operations.rs:1307] operation transaction #tx#85(set_resource) took more than 100 ms (471 ms)
WARN  2026-02-25T15:12:54.217+00:00 ThreadId(19) [1P:data/op-db-queue/src/operations.rs:1307] operation transaction #tx#86(set_resource) took more than 100 ms (503 ms)
WARN  2026-02-25T15:12:54.643+00:00 ThreadId(19) [1P:data/op-db-queue/src/operations.rs:1307] operation transaction #tx#87(set_resource) took more than 100 ms (426 ms)
WARN  2026-02-25T15:12:54.861+00:00 ThreadId(19) [1P:data/op-db-queue/src/operations.rs:1307] operation transaction #tx#88(set_resource) took more than 100 ms (218 ms)
WARN  2026-02-25T15:12:55.187+00:00 ThreadId(19) [1P:data/op-db-queue/src/operations.rs:1307] operation transaction #tx#89(set_resource) took more than 100 ms (326 ms)
WARN  2026-02-25T15:12:58.350+00:00 ThreadId(19) [1P:data/op-db-queue/src/operations.rs:1214] operation transaction #tx#240(set_config) took more than 100 ms (288 ms)
INFO  2026-02-25T15:12:58.512+00:00 runtime-worker(ThreadId(11)) [1P:/mnt/ephemeral/builds/dev/core/core/ui/op-edit-item/src/banner_action.rs:127] Saving item
WARN  2026-02-25T15:12:58.632+00:00 ThreadId(19) [1P:data/op-db-queue/src/operations.rs:1264] operation transaction #tx#242(objects_mut) took more than 100 ms (160 ms)
WARN  2026-02-25T15:12:58.837+00:00 ThreadId(19) [1P:data/op-db-queue/src/operations.rs:1214] operation transaction #tx#243(save_items) took more than 100 ms (205 ms)
INFO  2026-02-25T15:12:58.848+00:00 runtime-worker(ThreadId(89)) [1P:app/op-app/src/app/backend/quick_access.rs:186] Getting suggestions for quick access
WARN  2026-02-25T15:12:59.398+00:00 ThreadId(19) [1P:data/op-db-queue/src/operations.rs:1214] operation transaction #tx#256(patch_vault_item_versions) took more than 100 ms (262 ms)
INFO  2026-02-25T15:12:59.398+00:00 runtime-worker(ThreadId(11)) [1P:data/op-syncer/src/sync_job.rs:1239] pushed 1 item(s); updated: 1; failed: 0; new vault content version: 177.
ERROR 2026-02-25T15:12:59.511+00:00 runtime-worker(ThreadId(5)) [1P:data/op-syncer/src/system_vault.rs:29] Error creating system vault for account (CKAJ5ZSUNVEYZIK4X5DPY5C2Q4): FetchDataError(FetchError(<unknown reason>, code: HttpStatus(400), Session ID: Some(Session ID: ZKVNJAMVS5ACJFNZ7FWTZ5F4XI)))
INFO  2026-02-25T15:12:59.511+00:00 runtime-worker(ThreadId(5)) [1P:data/op-syncer/src/sync_job.rs:486] synced account CKAJ5ZSUNVEYZIK4X5DPY5C2Q4 (0.555484905s)
INFO  2026-02-25T15:12:59.523+00:00 runtime-worker(ThreadId(93)) [1P:app/op-app/src/app/backend/quick_access.rs:186] Getting suggestions for quick access
ERROR 2026-02-25T15:12:59.726+00:00 runtime-worker(ThreadId(7)) [1P:data/op-syncer/src/system_vault.rs:29] Error creating system vault for account (CKAJ5ZSUNVEYZIK4X5DPY5C2Q4): FetchDataError(FetchError(<unknown reason>, code: HttpStatus(400), Session ID: Some(Session ID: ZKVNJAMVS5ACJFNZ7FWTZ5F4XI)))
INFO  2026-02-25T15:12:59.726+00:00 runtime-worker(ThreadId(7)) [1P:data/op-syncer/src/sync_job.rs:486] synced account CKAJ5ZSUNVEYZIK4X5DPY5C2Q4 (0.097702522s)
INFO  2026-02-25T15:12:59.750+00:00 runtime-worker(ThreadId(88)) [1P:app/op-app/src/app/backend/quick_access.rs:186] Getting suggestions for quick access
WARN  2026-02-25T15:13:00.040+00:00 ThreadId(19) [1P:data/op-db-queue/src/operations.rs:1264] operation transaction #tx#282(objects_mut) took more than 100 ms (303 ms)
ERROR 2026-02-25T15:14:49.823+00:00 ThreadId(90) [1P:op-auto-lock/src/linux.rs:540] A Connection Error ocurred: XcbConnectionError
ERROR 2026-02-25T15:14:49.823+00:00 ThreadId(90) [1P:op-auto-lock/src/linux.rs:540] A Connection Error ocurred: XcbConnectionError
ERROR 2026-02-25T15:14:49.823+00:00 ThreadId(90) [1P:op-auto-lock/src/linux.rs:540] A Connection Error ocurred: XcbConnectionError
ERROR 2026-02-25T15:14:49.850+00:00 ThreadId(1) [1P:op-crash-reporting/src/crash_handler.rs:257] Failed to prepare for requesting dump
