INFO  2026-02-18T18:12:34.535+00:00 ThreadId(1) [1P:foundation/op-log/src/lib.rs:674] Removed 6 old log files
INFO  2026-02-18T18:12:34.540+00:00 ThreadId(1) [1P:op-settings/src/store/json_store.rs:75] Settings file created @ 2026-01-29 20:42:23.551573876 UTC and last modified @ 2026-01-29 20:42:33.312651107 UTC
INFO  2026-02-18T18:12:34.563+00:00 ThreadId(1) [client:typescript] Client starting.
INFO  2026-02-18T18:12:34.908+00:00 ThreadId(1) [1P:op-localization/src/lib.rs:238] system locale detected as 'en-US'
INFO  2026-02-18T18:12:34.916+00:00 ThreadId(1) [1P:op-localization/src/lib.rs:264] selected translations for EN_US based on detected locale en-US
INFO  2026-02-18T18:12:34.916+00:00 ThreadId(1) [status:app/op-app/src/app.rs:1092] App::new(1Password for Linux/81200013 (EN_US), /home/<redacted-username>/.config/1Password)
INFO  2026-02-18T18:12:34.934+00:00 1p-enable-crash-reporter(ThreadId(17)) [1P:op-b5-client/src/b5_client/features/mod.rs:381] Using feature-rollout-service for pre-registration features.
WARN  2026-02-18T18:12:34.934+00:00 1p-enable-crash-reporter(ThreadId(17)) [1P:op-b5-client/src/b5_client/features/mod.rs:440] Device UUID missing; setting headers to omit device UUID for pre-reg features request to service.
INFO  2026-02-18T18:12:35.000+00:00 ThreadId(1) [1P:data/op-db/src/common/mod.rs:186] Core DB Integrity Check Succeeded
INFO  2026-02-18T18:12:35.001+00:00 ThreadId(1) [1P:data/op-db/src/core_db/db.rs:135] Starting Core DB at version: 57
INFO  2026-02-18T18:12:35.002+00:00 ThreadId(1) [1P:data/op-db/src/common/mod.rs:155] Core DB Table Integrity Check Succeeded
INFO  2026-02-18T18:12:35.050+00:00 ThreadId(1) [1P:data/op-db/src/common/mod.rs:186] Resources DB Integrity Check Succeeded
INFO  2026-02-18T18:12:35.050+00:00 ThreadId(1) [1P:data/op-db/src/common/mod.rs:155] Resources DB Table Integrity Check Succeeded
INFO  2026-02-18T18:12:35.050+00:00 ThreadId(1) [1P:data/op-db/src/resources_db/db.rs:110] Starting Resources DB at version: 1
ERROR 2026-02-18T18:12:35.081+00:00 ThreadId(1) [1P:/mnt/ephemeral/builds/dev/core/core/ssh/op-ssh-config/src/lib.rs:251] Failed to start ssh config file watcher: Io(Os { code: 2, kind: NotFound, message: "No such file or directory" })
INFO  2026-02-18T18:12:35.084+00:00 runtime-worker(ThreadId(14)) [1P:op-b5-client/src/b5_client/features/mod.rs:381] Using feature-rollout-service for pre-registration features.
INFO  2026-02-18T18:12:35.110+00:00 ThreadId(1) [1P:native-messaging/op-nm-installer/src/nix_utils.rs:68] Created NMH manifest at /home/<redacted-username>/.config/google-chrome/NativeMessagingHosts/com.1password.1password.json
INFO  2026-02-18T18:12:35.111+00:00 ThreadId(1) [1P:native-messaging/op-nm-installer/src/nix_utils.rs:68] Created NMH manifest at /home/<redacted-username>/.config/google-chrome-beta/NativeMessagingHosts/com.1password.1password.json
INFO  2026-02-18T18:12:35.112+00:00 ThreadId(1) [1P:native-messaging/op-nm-installer/src/nix_utils.rs:68] Created NMH manifest at /home/<redacted-username>/.config/google-chrome-unstable/NativeMessagingHosts/com.1password.1password.json
INFO  2026-02-18T18:12:35.112+00:00 ThreadId(1) [1P:native-messaging/op-nm-installer/src/nix_utils.rs:68] Created NMH manifest at /home/<redacted-username>/.config/chromium/NativeMessagingHosts/com.1password.1password.json
INFO  2026-02-18T18:12:35.113+00:00 ThreadId(1) [1P:native-messaging/op-nm-installer/src/nix_utils.rs:68] Created NMH manifest at /home/<redacted-username>/.config/microsoft-edge-dev/NativeMessagingHosts/com.1password.1password.json
INFO  2026-02-18T18:12:35.114+00:00 ThreadId(1) [1P:native-messaging/op-nm-installer/src/nix_utils.rs:68] Created NMH manifest at /home/<redacted-username>/.config/BraveSoftware/Brave-Browser/NativeMessagingHosts/com.1password.1password.json
INFO  2026-02-18T18:12:35.115+00:00 ThreadId(1) [1P:native-messaging/op-nm-installer/src/nix_utils.rs:68] Created NMH manifest at /home/<redacted-username>/.config/vivaldi/NativeMessagingHosts/com.1password.1password.json
INFO  2026-02-18T18:12:35.115+00:00 ThreadId(1) [1P:native-messaging/op-nm-installer/src/nix_utils.rs:68] Created NMH manifest at /home/<redacted-username>/.config/vivaldi-snapshot/NativeMessagingHosts/com.1password.1password.json
INFO  2026-02-18T18:12:35.116+00:00 ThreadId(1) [1P:native-messaging/op-nm-installer/src/nix_utils.rs:68] Created NMH manifest at /home/<redacted-username>/.mozilla/native-messaging-hosts/com.1password.1password.json
INFO  2026-02-18T18:12:35.116+00:00 ThreadId(1) [1P:native-messaging/op-nm-installer/src/nix_utils.rs:83] Successfully installed all native messaging manifests.
INFO  2026-02-18T18:12:35.120+00:00 runtime-worker(ThreadId(13)) [1P:native-messaging/op-nm-installer/src/nix_utils.rs:68] Created NMH manifest at /home/<redacted-username>/.config/google-chrome/NativeMessagingHosts/com.1password.1password.json
INFO  2026-02-18T18:12:35.120+00:00 runtime-worker(ThreadId(13)) [1P:native-messaging/op-nm-installer/src/nix_utils.rs:68] Created NMH manifest at /home/<redacted-username>/.config/google-chrome-beta/NativeMessagingHosts/com.1password.1password.json
INFO  2026-02-18T18:12:35.120+00:00 runtime-worker(ThreadId(13)) [1P:native-messaging/op-nm-installer/src/nix_utils.rs:68] Created NMH manifest at /home/<redacted-username>/.config/google-chrome-unstable/NativeMessagingHosts/com.1password.1password.json
INFO  2026-02-18T18:12:35.123+00:00 runtime-worker(ThreadId(13)) [1P:native-messaging/op-nm-installer/src/nix_utils.rs:68] Created NMH manifest at /home/<redacted-username>/.config/chromium/NativeMessagingHosts/com.1password.1password.json
INFO  2026-02-18T18:12:35.123+00:00 runtime-worker(ThreadId(13)) [1P:native-messaging/op-nm-installer/src/nix_utils.rs:68] Created NMH manifest at /home/<redacted-username>/.config/microsoft-edge-dev/NativeMessagingHosts/com.1password.1password.json
INFO  2026-02-18T18:12:35.123+00:00 runtime-worker(ThreadId(13)) [1P:native-messaging/op-nm-installer/src/nix_utils.rs:68] Created NMH manifest at /home/<redacted-username>/.config/BraveSoftware/Brave-Browser/NativeMessagingHosts/com.1password.1password.json
INFO  2026-02-18T18:12:35.123+00:00 runtime-worker(ThreadId(13)) [1P:native-messaging/op-nm-installer/src/nix_utils.rs:68] Created NMH manifest at /home/<redacted-username>/.config/vivaldi/NativeMessagingHosts/com.1password.1password.json
INFO  2026-02-18T18:12:35.123+00:00 runtime-worker(ThreadId(13)) [1P:native-messaging/op-nm-installer/src/nix_utils.rs:68] Created NMH manifest at /home/<redacted-username>/.config/vivaldi-snapshot/NativeMessagingHosts/com.1password.1password.json
INFO  2026-02-18T18:12:35.124+00:00 runtime-worker(ThreadId(13)) [1P:native-messaging/op-nm-installer/src/nix_utils.rs:68] Created NMH manifest at /home/<redacted-username>/.mozilla/native-messaging-hosts/com.1password.1password.json
INFO  2026-02-18T18:12:35.124+00:00 runtime-worker(ThreadId(13)) [1P:native-messaging/op-nm-installer/src/nix_utils.rs:83] Successfully installed all native messaging manifests.
INFO  2026-02-18T18:12:35.125+00:00 ThreadId(1) [1P:app/op-app/src/app.rs:1747] initializing Developer Environment mount handler
INFO  2026-02-18T18:12:35.145+00:00 runtime-worker(ThreadId(10)) [1P:app/op-app-common/src/unlocked_session_keepalive.rs:70] Starting unlocked session keepalive
ERROR 2026-02-18T18:12:35.189+00:00 runtime-worker(ThreadId(11)) [1P:native-messaging/op-native-core-integration/src/lib.rs:762] Listener on SETTING_STATUS has been dropped, unable to communicate changes made to browser SLS setting
ERROR 2026-02-18T18:12:35.190+00:00 ThreadId(1) [1P:ffi/op-core-node/src/lib.rs:559] Io(Os { code: 2, kind: NotFound, message: "No such file or directory" })
INFO  2026-02-18T18:12:35.190+00:00 runtime-worker(ThreadId(10)) [1P:native-messaging/op-native-core-integration/src/lib.rs:568] Starting IPC listener on 1Password-BrowserSupport
INFO  2026-02-18T18:12:35.190+00:00 runtime-worker(ThreadId(3)) [1P:native-messaging/op-native-core-integration/src/lib.rs:580] Active native core integration is awaiting messages
INFO  2026-02-18T18:12:35.193+00:00 1p-enable-crash-reporter(ThreadId(17)) [1P:op-crash-reporting/src/crash_handler.rs:276] Started crash handler thread
INFO  2026-02-18T18:12:35.239+00:00 runtime-worker(ThreadId(11)) [1P:ssh/op-agent-controller/src/lib.rs:584] Starting filesystem watcher for SSH agent configuration directories...
ERROR 2026-02-18T18:12:35.241+00:00 runtime-worker(ThreadId(11)) [1P:/mnt/ephemeral/builds/dev/core/core/ssh/op-agent-controller/src/lib.rs:585] Io(Os { code: 2, kind: NotFound, message: "No such file or directory" })
INFO  2026-02-18T18:12:35.890+00:00 runtime-worker(ThreadId(10)) [1P:app/op-app/src/app/backend/lock_screen.rs:107] System unlock is enabled: true
INFO  2026-02-18T18:12:35.895+00:00 runtime-worker(ThreadId(3)) [1P:app/op-app/src/app/backend/lock_screen.rs:135] Sys auth status NotSetup
INFO  2026-02-18T18:12:42.453+00:00 runtime-worker(ThreadId(11)) [1P:app/op-app/src/app/backend/lock_screen.rs:107] System unlock is enabled: true
INFO  2026-02-18T18:12:42.571+00:00 runtime-worker(ThreadId(10)) [1P:/mnt/ephemeral/builds/dev/core/core/data/ext/op-account-ext-settings-authentication/src/lib.rs:241] loaded settings authentication key: 77d2ea594ea000ce
INFO  2026-02-18T18:12:42.573+00:00 runtime-worker(ThreadId(3)) [1P:data/ext/op-account-ext-search-weights/src/weights.rs:112] Search weights loaded for account with 2 entries (total bytes: 353)
INFO  2026-02-18T18:12:42.580+00:00 runtime-worker(ThreadId(3)) [1P:data/ext/op-account-ext-items/src/lib.rs:316] loaded 434 items in 7 vaults for account: CKAJ5ZSUNVEYZIK4X5DPY5C2Q4
INFO  2026-02-18T18:12:42.588+00:00 runtime-worker(ThreadId(3)) [1P:op-telemetry/src/middleware/opt_state.rs:122] op-telemetry: account uuid 'CKAJ5ZSUNVEYZIK4X5DPY5C2Q4' changed telemetry state to Decided(In)
INFO  2026-02-18T18:12:42.588+00:00 runtime-worker(ThreadId(9)) [1P:op-settings/src/store/policies.rs:150] Notifying settings changed due to b5 policies.
INFO  2026-02-18T18:12:42.599+00:00 runtime-worker(ThreadId(12)) [1P:data/ext/op-account-ext-settings-authentication/src/lib.rs:322] exactly one existing key found (77d2ea594ea000ce). Applying it to any new accounts
INFO  2026-02-18T18:12:42.599+00:00 runtime-worker(ThreadId(12)) [1P:op-settings/src/store/json_store.rs:787] initializing settings authentication with key 77d2ea594ea000ce
INFO  2026-02-18T18:12:42.599+00:00 runtime-worker(ThreadId(12)) [1P:app/op-app/src/app/backend/unlock.rs:196] Lock state changed: Unlocked
INFO  2026-02-18T18:12:42.599+00:00 runtime-worker(ThreadId(8)) [1P:app/op-app/src/app/backend/unlock.rs:264] Processing unlocked account CKAJ5ZSUNVEYZIK4X5DPY5C2Q4
INFO  2026-02-18T18:12:42.726+00:00 runtime-worker(ThreadId(5)) [1P:data/op-account-system-unlock/src/lib.rs:792] Adding system unlock key. Verifying keysets can be decrypted.
INFO  2026-02-18T18:12:42.727+00:00 runtime-worker(ThreadId(5)) [1P:data/op-account-system-unlock/src/lib.rs:798] Adding system unlock key. Encrypting muk.
INFO  2026-02-18T18:12:42.729+00:00 ThreadId(19) [1P:data/op-account-system-unlock/src/lib.rs:804] Adding system unlock key. Updating account.
INFO  2026-02-18T18:12:42.842+00:00 runtime-worker(ThreadId(29)) [1P:app/op-app/src/app/backend/quick_access.rs:186] Getting suggestions for quick access
INFO  2026-02-18T18:12:42.843+00:00 runtime-worker(ThreadId(77)) [1P:app/op-app/src/app/backend/quick_access.rs:186] Getting suggestions for quick access
INFO  2026-02-18T18:12:43.245+00:00 runtime-worker(ThreadId(3)) [1P:op-b5-client/src/internal/unauthorized_session/auth_flow.rs:1043] Skipping MFA because server did not return MFA config
INFO  2026-02-18T18:12:43.399+00:00 runtime-worker(ThreadId(5)) [1P:op-b5-client/src/b5_client/features/mod.rs:381] Using feature-rollout-service for pre-registration features.
ERROR 2026-02-18T18:12:43.458+00:00 runtime-worker(ThreadId(11)) [1P:data/op-syncer/src/system_vault.rs:29] Error creating system vault for account (CKAJ5ZSUNVEYZIK4X5DPY5C2Q4): FetchDataError(FetchError(<unknown reason>, code: HttpStatus(400), Session ID: Some(Session ID: IHJUB7LFSFGTFBB44MSAKOP6SA)))
INFO  2026-02-18T18:12:43.458+00:00 runtime-worker(ThreadId(3)) [1P:data/op-syncer/src/sync_job.rs:486] synced account CKAJ5ZSUNVEYZIK4X5DPY5C2Q4 (0.102511229s)
INFO  2026-02-18T18:12:43.461+00:00 runtime-worker(ThreadId(11)) [1P:op-file-transfer/src/lib.rs:732] find_and_complete_pending_uploads: 'CKAJ5ZSUNVEYZIK4X5DPY5C2Q4'
INFO  2026-02-18T18:12:43.470+00:00 runtime-worker(ThreadId(11)) [1P:data/ext/op-account-ext-syncer/src/lib.rs:250] The B5 Notifier for (CKAJ5ZSUNVEYZIK4X5DPY5C2Q4) has connected, now monitoring for events.
INFO  2026-02-18T18:12:43.481+00:00 runtime-worker(ThreadId(74)) [1P:app/op-app/src/app/backend/quick_access.rs:186] Getting suggestions for quick access
INFO  2026-02-18T18:12:44.955+00:00 runtime-worker(ThreadId(8)) [1P:app/op-app/src/app/backend/frontend.rs:22] Front end event: window closed
INFO  2026-02-18T18:12:46.334+00:00 runtime-worker(ThreadId(76)) [1P:app/op-app/src/app/backend/quick_access.rs:186] Getting suggestions for quick access
INFO  2026-02-18T18:13:29.162+00:00 runtime-worker(ThreadId(89)) [1P:app/op-app/src/app/backend/quick_access.rs:186] Getting suggestions for quick access
INFO  2026-02-18T18:22:42.925+00:00 runtime-worker(ThreadId(14)) [1P:app/op-app-common/src/unlocked_session_keepalive.rs:313] Server session extension succeeded for account: CKAJ5ZSUNVEYZIK4X5DPY5C2Q4
INFO  2026-02-18T18:24:07.189+00:00 ThreadId(73) [1P:op-auto-lock/src/linux.rs:515] X screensaver event detected
WARN  2026-02-18T18:24:07.190+00:00 runtime-worker(ThreadId(7)) [1P:data/op-syncer/src/queue.rs:123] Syncer channel for versioned syncs hung up! Sync task will be shut down.
INFO  2026-02-18T18:24:07.191+00:00 runtime-worker(ThreadId(14)) [1P:app/op-app/src/app/backend/lock.rs:213] Lock state changed: Locked
INFO  2026-02-18T18:24:07.191+00:00 runtime-worker(ThreadId(14)) [1P:app/op-app/src/app/backend/lock.rs:248] Locked. Reason: Automatic(ScreenSaverActivated).
INFO  2026-02-18T18:24:07.191+00:00 runtime-worker(ThreadId(12)) [1P:app/op-app/src/app/backend/mycelium/task_management.rs:65] Received a Mycelium channel close request, ignoring request as no task is actively running
