2026-04-14 23:56:05.760 [info] Reading sessions from keychain...
2026-04-14 23:56:05.760 [info] Getting sessions for all scopes...
2026-04-14 23:56:05.760 [info] Got 0 sessions for ...
2026-04-14 23:56:05.760 [info] Getting sessions for all scopes...
2026-04-14 23:56:05.760 [info] Got 0 sessions for ...
2026-04-14 23:56:05.760 [info] Getting sessions for all scopes...
2026-04-14 23:56:05.760 [info] Got 0 sessions for ...
2026-04-14 23:56:05.760 [info] Getting sessions for read:user,repo,user:email,workflow...
2026-04-14 23:56:05.760 [info] Got 0 sessions for read:user,repo,user:email,workflow...
2026-04-14 23:56:06.752 [info] Getting sessions for all scopes...
2026-04-14 23:56:06.752 [info] Got 0 sessions for ...
2026-04-14 23:56:06.767 [info] Getting sessions for all scopes...
2026-04-14 23:56:06.767 [info] Got 0 sessions for ...
2026-04-14 23:56:10.441 [info] Reading sessions from keychain...
2026-04-14 23:56:10.441 [info] Getting sessions for all scopes...
2026-04-14 23:56:10.441 [info] Got 0 sessions for ...
2026-04-14 23:56:10.441 [info] Getting sessions for all scopes...
2026-04-14 23:56:10.441 [info] Got 0 sessions for ...
2026-04-14 23:56:10.441 [info] Getting sessions for all scopes...
2026-04-14 23:56:10.441 [info] Got 0 sessions for ...
2026-04-14 23:56:10.441 [info] Getting sessions for read:user,repo,user:email,workflow...
2026-04-14 23:56:10.441 [info] Got 0 sessions for read:user,repo,user:email,workflow...
2026-04-14 23:56:11.550 [info] Getting sessions for all scopes...
2026-04-14 23:56:11.550 [info] Got 0 sessions for ...
2026-04-14 23:56:11.551 [info] Getting sessions for all scopes...
2026-04-14 23:56:11.551 [info] Got 0 sessions for ...
2026-04-14 23:56:11.619 [info] Getting sessions for all scopes...
2026-04-14 23:56:11.619 [info] Got 0 sessions for ...
