2026-04-14 23:54:27.387 [info] [main] Log level: Info
2026-04-14 23:54:27.387 [info] [main] Validating found git in: "git"
2026-04-14 23:54:27.387 [info] [main] Using git "2.43.0" from "git"
2026-04-14 23:54:27.387 [info] [Model][doInitialScan] Initial repository scan started
2026-04-14 23:54:27.387 [info] [Model][doInitialScan] Initial repository scan completed - repositories (0), closed repositories (0), parent repositories (0), unsafe repositories (0)
2026-04-14 23:56:05.547 [info] [main] Log level: Info
2026-04-14 23:56:05.547 [info] [main] Validating found git in: "git"
2026-04-14 23:56:05.547 [info] [main] Using git "2.43.0" from "git"
2026-04-14 23:56:05.547 [info] [Model][doInitialScan] Initial repository scan started
2026-04-14 23:56:05.547 [info] > git rev-parse --show-toplevel [437ms]
2026-04-14 23:56:05.548 [info] > git rev-parse --git-dir --git-common-dir --show-superproject-working-tree [31ms]
2026-04-14 23:56:05.556 [info] [Model][openRepository] Opened repository (path): /home/alobo/dev/flutter/health
2026-04-14 23:56:05.556 [info] [Model][openRepository] Opened repository (real path): /home/alobo/dev/flutter/health
2026-04-14 23:56:05.556 [info] [Model][openRepository] Opened repository (kind): repository
2026-04-14 23:56:05.569 [info] > git config --get commit.template [1ms]
2026-04-14 23:56:05.578 [info] > git for-each-ref --format=%(refname)%00%(upstream:short)%00%(objectname)%00%(upstream:track)%00%(upstream:remotename)%00%(upstream:remoteref) refs/heads/main refs/remotes/main [3ms]
2026-04-14 23:56:05.597 [info] > git status -z -uall [7ms]
2026-04-14 23:56:05.598 [info] > git rev-parse --show-toplevel [14ms]
2026-04-14 23:56:05.620 [info] > git for-each-ref --sort -committerdate --format %(refname)%00%(objectname)%00%(*objectname) [24ms]
2026-04-14 23:56:05.655 [info] > git for-each-ref --format=%(refname)%00%(upstream:short)%00%(objectname)%00%(upstream:track)%00%(upstream:remotename)%00%(upstream:remoteref) refs/heads/main refs/remotes/main [18ms]
2026-04-14 23:56:05.661 [info] > git rev-parse --show-toplevel [42ms]
2026-04-14 23:56:05.672 [info] > git config --get --local branch.main.vscode-merge-base [12ms]
2026-04-14 23:56:05.672 [warning] [Git][config] git config failed: Failed to execute git
2026-04-14 23:56:05.677 [info] > git config --get commit.template [23ms]
2026-04-14 23:56:05.696 [info] > git reflog main --grep-reflog=branch: Created from *. [19ms]
2026-04-14 23:56:05.701 [info] > git rev-parse --show-toplevel [30ms]
2026-04-14 23:56:05.724 [info] > git symbolic-ref --short refs/remotes/origin/HEAD [23ms]
2026-04-14 23:56:05.724 [info] fatal: ref refs/remotes/origin/HEAD is not a symbolic ref
2026-04-14 23:56:05.724 [warning] [Repository][getDefaultBranch] Failed to get default branch details: Failed to execute git.
2026-04-14 23:56:05.731 [info] > git merge-base refs/heads/main refs/remotes/origin/main [1ms]
2026-04-14 23:56:05.736 [info] > git rev-parse --show-toplevel [12ms]
2026-04-14 23:56:05.736 [info] > git for-each-ref --format=%(refname)%00%(upstream:short)%00%(objectname)%00%(upstream:track)%00%(upstream:remotename)%00%(upstream:remoteref) refs/heads/main refs/remotes/main [17ms]
2026-04-14 23:56:05.742 [info] > git diff --name-status -z --diff-filter=ADMR --find-renames=50% eae4be4d32105199824fec9f23c1b7cc21628038...refs/remotes/origin/main -- [6ms]
2026-04-14 23:56:05.743 [info] > git rev-parse --show-toplevel [2ms]
2026-04-14 23:56:05.757 [info] > git status -z -uall [9ms]
2026-04-14 23:56:05.757 [info] > git for-each-ref --sort -committerdate --format %(refname)%00%(objectname)%00%(*objectname) [5ms]
2026-04-14 23:56:05.760 [info] > git rev-parse --show-toplevel [4ms]
2026-04-14 23:56:05.766 [info] > git rev-parse --show-toplevel [1ms]
2026-04-14 23:56:05.772 [info] > git rev-parse --show-toplevel [1ms]
2026-04-14 23:56:05.777 [info] > git rev-parse --show-toplevel [2ms]
2026-04-14 23:56:05.782 [info] > git rev-parse --show-toplevel [1ms]
2026-04-14 23:56:05.784 [info] [Model][doInitialScan] Initial repository scan completed - repositories (1), closed repositories (0), parent repositories (0), unsafe repositories (0)
2026-04-14 23:56:06.105 [info] > git check-ignore -v -z --stdin [1ms]
2026-04-14 23:56:09.734 [info] [main] Log level: Info
2026-04-14 23:56:09.734 [info] [main] Validating found git in: "git"
2026-04-14 23:56:09.734 [info] [main] Using git "2.43.0" from "git"
2026-04-14 23:56:09.734 [info] [Model][doInitialScan] Initial repository scan started
2026-04-14 23:56:09.734 [info] > git rev-parse --show-toplevel [2ms]
2026-04-14 23:56:09.736 [info] > git rev-parse --git-dir --git-common-dir --show-superproject-working-tree [3ms]
2026-04-14 23:56:09.749 [info] [Model][openRepository] Opened repository (path): /home/alobo/dev/flutter/health
2026-04-14 23:56:09.749 [info] [Model][openRepository] Opened repository (real path): /home/alobo/dev/flutter/health
2026-04-14 23:56:09.749 [info] [Model][openRepository] Opened repository (kind): repository
2026-04-14 23:56:10.177 [info] > git config --get commit.template [421ms]
2026-04-14 23:56:10.235 [info] > git fetch [486ms]
2026-04-14 23:56:10.235 [info] Missing or invalid credentials.
Skip silent fetch commands
Missing or invalid credentials.
Skip silent fetch commands
remote: Repository not found.
fatal: Authentication failed for 'https://github.com/ManedLobo/health.git/'
2026-04-14 23:56:10.256 [info] > git for-each-ref --format=%(refname)%00%(upstream:short)%00%(objectname)%00%(upstream:track)%00%(upstream:remotename)%00%(upstream:remoteref) refs/heads/main refs/remotes/main [22ms]
2026-04-14 23:56:10.258 [info] > git config --get commit.template [3ms]
2026-04-14 23:56:10.272 [info] > git rev-parse --show-toplevel [9ms]
2026-04-14 23:56:10.289 [info] > git for-each-ref --format=%(refname)%00%(upstream:short)%00%(objectname)%00%(upstream:track)%00%(upstream:remotename)%00%(upstream:remoteref) refs/heads/main refs/remotes/main [10ms]
2026-04-14 23:56:10.293 [info] > git for-each-ref --format=%(refname)%00%(upstream:short)%00%(objectname)%00%(upstream:track)%00%(upstream:remotename)%00%(upstream:remoteref) refs/heads/main refs/remotes/main [22ms]
2026-04-14 23:56:10.294 [info] > git config --get commit.template [6ms]
2026-04-14 23:56:10.294 [info] > git rev-parse --show-toplevel [11ms]
2026-04-14 23:56:10.299 [info] > git config --get --local branch.main.vscode-merge-base [6ms]
2026-04-14 23:56:10.299 [warning] [Git][config] git config failed: Failed to execute git
2026-04-14 23:56:10.313 [info] > git reflog main --grep-reflog=branch: Created from *. [10ms]
2026-04-14 23:56:10.316 [info] > git rev-parse --show-toplevel [17ms]
2026-04-14 23:56:10.321 [info] > git for-each-ref --format=%(refname)%00%(upstream:short)%00%(objectname)%00%(upstream:track)%00%(upstream:remotename)%00%(upstream:remoteref) refs/heads/main refs/remotes/main [9ms]
2026-04-14 23:56:10.321 [info] > git symbolic-ref --short refs/remotes/origin/HEAD [5ms]
2026-04-14 23:56:10.321 [info] fatal: ref refs/remotes/origin/HEAD is not a symbolic ref
2026-04-14 23:56:10.321 [warning] [Repository][getDefaultBranch] Failed to get default branch details: Failed to execute git.
2026-04-14 23:56:10.330 [info] > git merge-base refs/heads/main refs/remotes/origin/main [4ms]
2026-04-14 23:56:10.334 [info] > git rev-parse --show-toplevel [13ms]
2026-04-14 23:56:10.338 [info] > git merge-base refs/heads/main refs/remotes/origin/main [9ms]
2026-04-14 23:56:10.352 [info] > git status -z -uall [5ms]
2026-04-14 23:56:10.352 [info] > git rev-parse --show-toplevel [14ms]
2026-04-14 23:56:10.352 [info] > git diff --name-status -z --diff-filter=ADMR --find-renames=50% eae4be4d32105199824fec9f23c1b7cc21628038...refs/remotes/origin/main -- [18ms]
2026-04-14 23:56:10.358 [info] > git for-each-ref --sort -committerdate --format %(refname)%00%(objectname)%00%(*objectname) [7ms]
2026-04-14 23:56:10.375 [info] > git diff --name-status -z --diff-filter=ADMR --find-renames=50% eae4be4d32105199824fec9f23c1b7cc21628038...refs/remotes/origin/main -- [33ms]
2026-04-14 23:56:10.375 [info] > git rev-parse --show-toplevel [17ms]
2026-04-14 23:56:10.386 [info] > git rev-parse --show-toplevel [1ms]
2026-04-14 23:56:10.411 [info] > git rev-parse --show-toplevel [20ms]
2026-04-14 23:56:10.435 [info] > git rev-parse --show-toplevel [8ms]
2026-04-14 23:56:10.442 [info] > git rev-parse --show-toplevel [1ms]
2026-04-14 23:56:10.444 [info] [Model][doInitialScan] Initial repository scan completed - repositories (1), closed repositories (0), parent repositories (0), unsafe repositories (0)
2026-04-14 23:56:10.685 [info] > git check-ignore -v -z --stdin [1ms]
2026-04-14 23:56:11.859 [info] > git config --get commit.template [5ms]
2026-04-14 23:56:11.859 [info] > git for-each-ref --format=%(refname)%00%(upstream:short)%00%(objectname)%00%(upstream:track)%00%(upstream:remotename)%00%(upstream:remoteref) refs/heads/main refs/remotes/main [1ms]
2026-04-14 23:56:11.871 [info] > git status -z -uall [6ms]
2026-04-14 23:56:11.872 [info] > git for-each-ref --sort -committerdate --format %(refname)%00%(objectname)%00%(*objectname) [2ms]
2026-04-14 23:57:07.104 [info] > git check-ignore -v -z --stdin [1ms]
2026-04-14 23:57:08.188 [info] > git check-ignore -v -z --stdin [1ms]
2026-04-14 23:57:09.744 [info] > git check-ignore -v -z --stdin [1ms]
2026-04-14 23:57:09.905 [info] > git show --textconv :lib/main.dart [6ms]
2026-04-14 23:57:09.906 [info] > git ls-files --stage -- lib/main.dart [1ms]
2026-04-14 23:57:09.913 [info] > git cat-file -s 8083ac1cf0ad3fd757cf85bc8392247d99b296bb [1ms]
2026-04-14 23:57:10.908 [info] > git check-ignore -v -z --stdin [1ms]
2026-04-15 00:06:34.895 [info] > git config --get commit.template [5ms]
2026-04-15 00:06:34.895 [info] > git for-each-ref --format=%(refname)%00%(upstream:short)%00%(objectname)%00%(upstream:track)%00%(upstream:remotename)%00%(upstream:remoteref) refs/heads/main refs/remotes/main [1ms]
2026-04-15 00:06:34.906 [info] > git status -z -uall [5ms]
2026-04-15 00:06:34.907 [info] > git for-each-ref --sort -committerdate --format %(refname)%00%(objectname)%00%(*objectname) [2ms]
2026-04-15 00:08:07.870 [info] > git ls-files --stage -- lib/main.dart [0ms]
2026-04-15 00:08:07.880 [info] > git cat-file -s 8083ac1cf0ad3fd757cf85bc8392247d99b296bb [2ms]
2026-04-15 00:08:07.902 [info] > git show --textconv :lib/main.dart [2ms]
2026-04-15 00:08:12.878 [info] > git blame --root --incremental eae4be4d32105199824fec9f23c1b7cc21628038 -- lib/main.dart [2ms]
